[0.121s] Invoking command in '/apollo/ros_ws/build/scout_mini_base': CMAKE_PREFIX_PATH=/opt/ros/humble /usr/bin/cmake --build /apollo/ros_ws/build/scout_mini_base -- -j20 -l20
[0.276s] Invoked command in '/apollo/ros_ws/build/scout_mini_base' returned '0': CMAKE_PREFIX_PATH=/opt/ros/humble /usr/bin/cmake --build /apollo/ros_ws/build/scout_mini_base -- -j20 -l20
[0.300s] Invoking command in '/apollo/ros_ws/build/scout_mini_base': CMAKE_PREFIX_PATH=/opt/ros/humble /usr/bin/cmake --install /apollo/ros_ws/build/scout_mini_base
[0.309s] -- Install configuration: ""
[0.325s] -- Up-to-date: /apollo/ros_ws/install/scout_mini_base/share/scout_mini_base/config
[0.359s] -- Up-to-date: /apollo/ros_ws/install/scout_mini_base/share/scout_mini_base/config/scout_mini.yaml
[0.375s] -- Up-to-date: /apollo/ros_ws/install/scout_mini_base/share/scout_mini_base/launch
[0.454s] -- Up-to-date: /apollo/ros_ws/install/scout_mini_base/share/scout_mini_base/launch/base_launch.py
[0.600s] -- Up-to-date: /apollo/ros_ws/install/scout_mini_base/share/ament_index/resource_index/package_run_dependencies/scout_mini_base
[0.705s] -- Up-to-date: /apollo/ros_ws/install/scout_mini_base/share/ament_index/resource_index/parent_prefix_path/scout_mini_base
[0.779s] -- Up-to-date: /apollo/ros_ws/install/scout_mini_base/share/scout_mini_base/environment/ament_prefix_path.sh
[0.865s] -- Up-to-date: /apollo/ros_ws/install/scout_mini_base/share/scout_mini_base/environment/ament_prefix_path.dsv
[0.919s] -- Up-to-date: /apollo/ros_ws/install/scout_mini_base/share/scout_mini_base/environment/path.sh
[0.983s] -- Up-to-date: /apollo/ros_ws/install/scout_mini_base/share/scout_mini_base/environment/path.dsv
[1.045s] -- Up-to-date: /apollo/ros_ws/install/scout_mini_base/share/scout_mini_base/local_setup.bash
[1.113s] -- Up-to-date: /apollo/ros_ws/install/scout_mini_base/share/scout_mini_base/local_setup.sh
[1.200s] -- Up-to-date: /apollo/ros_ws/install/scout_mini_base/share/scout_mini_base/local_setup.zsh
[1.306s] -- Up-to-date: /apollo/ros_ws/install/scout_mini_base/share/scout_mini_base/local_setup.dsv
[1.393s] -- Installing: /apollo/ros_ws/install/scout_mini_base/share/scout_mini_base/package.dsv
[1.724s] -- Up-to-date: /apollo/ros_ws/install/scout_mini_base/share/ament_index/resource_index/packages/scout_mini_base
[1.832s] -- Up-to-date: /apollo/ros_ws/install/scout_mini_base/share/scout_mini_base/cmake/scout_mini_baseConfig.cmake
[1.910s] -- Up-to-date: /apollo/ros_ws/install/scout_mini_base/share/scout_mini_base/cmake/scout_mini_baseConfig-version.cmake
[1.997s] -- Up-to-date: /apollo/ros_ws/install/scout_mini_base/share/scout_mini_base/package.xml
[2.022s] Invoked command in '/apollo/ros_ws/build/scout_mini_base' returned '0': CMAKE_PREFIX_PATH=/opt/ros/humble /usr/bin/cmake --install /apollo/ros_ws/build/scout_mini_base
