[0.112s] DEBUG:colcon:Command line arguments: ['/usr/bin/colcon', 'build']
[0.112s] DEBUG:colcon:Parsed command line arguments: Namespace(log_base=None, log_level=None, verb_name='build', build_base='build', install_base='install', merge_install=False, symlink_install=False, test_result_base=None, continue_on_error=False, executor='parallel', parallel_workers=20, event_handlers=None, ignore_user_meta=False, metas=['./colcon.meta'], base_paths=['.'], packages_ignore=None, packages_ignore_regex=None, paths=None, packages_up_to=None, packages_up_to_regex=None, packages_above=None, packages_above_and_dependencies=None, packages_above_depth=None, packages_select_by_dep=None, packages_skip_by_dep=None, packages_skip_up_to=None, packages_select_build_failed=False, packages_skip_build_finished=False, packages_select_test_failures=False, packages_skip_test_passed=False, packages_select=None, packages_skip=None, packages_select_regex=None, packages_skip_regex=None, packages_start=None, packages_end=None, cmake_args=None, cmake_target=None, cmake_target_skip_unavailable=False, cmake_clean_cache=False, cmake_clean_first=False, cmake_force_configure=False, ament_cmake_args=None, catkin_cmake_args=None, catkin_skip_building_tests=False, mixin_files=None, mixin=None, verb_parser=<colcon_mixin.mixin.mixin_argument.MixinArgumentDecorator object at 0x7f03299f3490>, verb_extension=<colcon_core.verb.build.BuildVerb object at 0x7f03299f2ad0>, main=<bound method BuildVerb.main of <colcon_core.verb.build.BuildVerb object at 0x7f03299f2ad0>>, mixin_verb=('build',))
[0.270s] Level 1:colcon.colcon_core.package_discovery:discover_packages(colcon_meta) check parameters
[0.271s] Level 1:colcon.colcon_core.package_discovery:discover_packages(recursive) check parameters
[0.272s] Level 1:colcon.colcon_core.package_discovery:discover_packages(ignore) check parameters
[0.273s] Level 1:colcon.colcon_core.package_discovery:discover_packages(path) check parameters
[0.273s] Level 1:colcon.colcon_core.package_discovery:discover_packages(colcon_meta) discover
[0.274s] Level 1:colcon.colcon_core.package_discovery:discover_packages(recursive) discover
[0.274s] INFO:colcon.colcon_core.package_discovery:Crawling recursively for packages in '/Apollo/ros_ws'
[0.276s] Level 1:colcon.colcon_core.package_identification:_identify(.) by extensions ['ignore', 'ignore_ament_install']
[0.276s] Level 1:colcon.colcon_core.package_identification:_identify(.) by extension 'ignore'
[0.276s] Level 1:colcon.colcon_core.package_identification:_identify(.) by extension 'ignore_ament_install'
[0.277s] Level 1:colcon.colcon_core.package_identification:_identify(.) by extensions ['colcon_pkg']
[0.277s] Level 1:colcon.colcon_core.package_identification:_identify(.) by extension 'colcon_pkg'
[0.278s] Level 1:colcon.colcon_core.package_identification:_identify(.) by extensions ['colcon_meta']
[0.278s] Level 1:colcon.colcon_core.package_identification:_identify(.) by extension 'colcon_meta'
[0.278s] Level 1:colcon.colcon_core.package_identification:_identify(.) by extensions ['ros']
[0.278s] Level 1:colcon.colcon_core.package_identification:_identify(.) by extension 'ros'
[0.292s] Level 1:colcon.colcon_core.package_identification:_identify(.) by extensions ['cmake', 'python']
[0.292s] Level 1:colcon.colcon_core.package_identification:_identify(.) by extension 'cmake'
[0.292s] Level 1:colcon.colcon_core.package_identification:_identify(.) by extension 'python'
[0.293s] Level 1:colcon.colcon_core.package_identification:_identify(.) by extensions ['python_setup_py']
[0.293s] Level 1:colcon.colcon_core.package_identification:_identify(.) by extension 'python_setup_py'
[0.295s] Level 1:colcon.colcon_core.package_identification:_identify(build) by extensions ['ignore', 'ignore_ament_install']
[0.295s] Level 1:colcon.colcon_core.package_identification:_identify(build) by extension 'ignore'
[0.296s] Level 1:colcon.colcon_core.package_identification:_identify(build) ignored
[0.298s] Level 1:colcon.colcon_core.package_identification:_identify(install) by extensions ['ignore', 'ignore_ament_install']
[0.298s] Level 1:colcon.colcon_core.package_identification:_identify(install) by extension 'ignore'
[0.299s] Level 1:colcon.colcon_core.package_identification:_identify(install) ignored
[0.302s] Level 1:colcon.colcon_core.package_identification:_identify(log) by extensions ['ignore', 'ignore_ament_install']
[0.302s] Level 1:colcon.colcon_core.package_identification:_identify(log) by extension 'ignore'
[0.303s] Level 1:colcon.colcon_core.package_identification:_identify(log) ignored
[0.305s] Level 1:colcon.colcon_core.package_identification:_identify(src) by extensions ['ignore', 'ignore_ament_install']
[0.305s] Level 1:colcon.colcon_core.package_identification:_identify(src) by extension 'ignore'
[0.306s] Level 1:colcon.colcon_core.package_identification:_identify(src) by extension 'ignore_ament_install'
[0.307s] Level 1:colcon.colcon_core.package_identification:_identify(src) by extensions ['colcon_pkg']
[0.307s] Level 1:colcon.colcon_core.package_identification:_identify(src) by extension 'colcon_pkg'
[0.308s] Level 1:colcon.colcon_core.package_identification:_identify(src) by extensions ['colcon_meta']
[0.308s] Level 1:colcon.colcon_core.package_identification:_identify(src) by extension 'colcon_meta'
[0.309s] Level 1:colcon.colcon_core.package_identification:_identify(src) by extensions ['ros']
[0.309s] Level 1:colcon.colcon_core.package_identification:_identify(src) by extension 'ros'
[0.311s] Level 1:colcon.colcon_core.package_identification:_identify(src) by extensions ['cmake', 'python']
[0.311s] Level 1:colcon.colcon_core.package_identification:_identify(src) by extension 'cmake'
[0.312s] Level 1:colcon.colcon_core.package_identification:_identify(src) by extension 'python'
[0.312s] Level 1:colcon.colcon_core.package_identification:_identify(src) by extensions ['python_setup_py']
[0.313s] Level 1:colcon.colcon_core.package_identification:_identify(src) by extension 'python_setup_py'
[0.316s] Level 1:colcon.colcon_core.package_identification:_identify(src/scout_mini_base) by extensions ['ignore', 'ignore_ament_install']
[0.316s] Level 1:colcon.colcon_core.package_identification:_identify(src/scout_mini_base) by extension 'ignore'
[0.317s] Level 1:colcon.colcon_core.package_identification:_identify(src/scout_mini_base) by extension 'ignore_ament_install'
[0.319s] Level 1:colcon.colcon_core.package_identification:_identify(src/scout_mini_base) by extensions ['colcon_pkg']
[0.319s] Level 1:colcon.colcon_core.package_identification:_identify(src/scout_mini_base) by extension 'colcon_pkg'
[0.320s] Level 1:colcon.colcon_core.package_identification:_identify(src/scout_mini_base) by extensions ['colcon_meta']
[0.320s] Level 1:colcon.colcon_core.package_identification:_identify(src/scout_mini_base) by extension 'colcon_meta'
[0.321s] Level 1:colcon.colcon_core.package_identification:_identify(src/scout_mini_base) by extensions ['ros']
[0.322s] Level 1:colcon.colcon_core.package_identification:_identify(src/scout_mini_base) by extension 'ros'
[0.333s] DEBUG:colcon.colcon_core.package_identification:Package 'src/scout_mini_base' with type 'ros.ament_cmake' and name 'scout_mini_base'
[0.336s] Level 1:colcon.colcon_core.package_identification:_identify(src/scout_mini_description) by extensions ['ignore', 'ignore_ament_install']
[0.337s] Level 1:colcon.colcon_core.package_identification:_identify(src/scout_mini_description) by extension 'ignore'
[0.338s] Level 1:colcon.colcon_core.package_identification:_identify(src/scout_mini_description) by extension 'ignore_ament_install'
[0.340s] Level 1:colcon.colcon_core.package_identification:_identify(src/scout_mini_description) by extensions ['colcon_pkg']
[0.340s] Level 1:colcon.colcon_core.package_identification:_identify(src/scout_mini_description) by extension 'colcon_pkg'
[0.341s] Level 1:colcon.colcon_core.package_identification:_identify(src/scout_mini_description) by extensions ['colcon_meta']
[0.341s] Level 1:colcon.colcon_core.package_identification:_identify(src/scout_mini_description) by extension 'colcon_meta'
[0.343s] Level 1:colcon.colcon_core.package_identification:_identify(src/scout_mini_description) by extensions ['ros']
[0.343s] Level 1:colcon.colcon_core.package_identification:_identify(src/scout_mini_description) by extension 'ros'
[0.365s] DEBUG:colcon.colcon_core.package_identification:Package 'src/scout_mini_description' with type 'ros.ament_cmake' and name 'scout_mini_description'
[0.369s] Level 1:colcon.colcon_core.package_identification:_identify(src/scout_mini_hardware) by extensions ['ignore', 'ignore_ament_install']
[0.372s] Level 1:colcon.colcon_core.package_identification:_identify(src/scout_mini_hardware) by extension 'ignore'
[0.372s] Level 1:colcon.colcon_core.package_identification:_identify(src/scout_mini_hardware) by extension 'ignore_ament_install'
[0.376s] Level 1:colcon.colcon_core.package_identification:_identify(src/scout_mini_hardware) by extensions ['colcon_pkg']
[0.376s] Level 1:colcon.colcon_core.package_identification:_identify(src/scout_mini_hardware) by extension 'colcon_pkg'
[0.377s] Level 1:colcon.colcon_core.package_identification:_identify(src/scout_mini_hardware) by extensions ['colcon_meta']
[0.377s] Level 1:colcon.colcon_core.package_identification:_identify(src/scout_mini_hardware) by extension 'colcon_meta'
[0.378s] Level 1:colcon.colcon_core.package_identification:_identify(src/scout_mini_hardware) by extensions ['ros']
[0.379s] Level 1:colcon.colcon_core.package_identification:_identify(src/scout_mini_hardware) by extension 'ros'
[0.389s] DEBUG:colcon.colcon_core.package_identification:Package 'src/scout_mini_hardware' with type 'ros.ament_cmake' and name 'scout_mini_hardware'
[0.392s] Level 1:colcon.colcon_core.package_identification:_identify(src/scout_mini_msgs) by extensions ['ignore', 'ignore_ament_install']
[0.392s] Level 1:colcon.colcon_core.package_identification:_identify(src/scout_mini_msgs) by extension 'ignore'
[0.393s] Level 1:colcon.colcon_core.package_identification:_identify(src/scout_mini_msgs) by extension 'ignore_ament_install'
[0.395s] Level 1:colcon.colcon_core.package_identification:_identify(src/scout_mini_msgs) by extensions ['colcon_pkg']
[0.395s] Level 1:colcon.colcon_core.package_identification:_identify(src/scout_mini_msgs) by extension 'colcon_pkg'
[0.396s] Level 1:colcon.colcon_core.package_identification:_identify(src/scout_mini_msgs) by extensions ['colcon_meta']
[0.396s] Level 1:colcon.colcon_core.package_identification:_identify(src/scout_mini_msgs) by extension 'colcon_meta'
[0.398s] Level 1:colcon.colcon_core.package_identification:_identify(src/scout_mini_msgs) by extensions ['ros']
[0.398s] Level 1:colcon.colcon_core.package_identification:_identify(src/scout_mini_msgs) by extension 'ros'
[0.407s] DEBUG:colcon.colcon_core.package_identification:Package 'src/scout_mini_msgs' with type 'ros.ament_cmake' and name 'scout_mini_msgs'
[0.410s] Level 1:colcon.colcon_core.package_identification:_identify(src/scout_mini_ros2) by extensions ['ignore', 'ignore_ament_install']
[0.410s] Level 1:colcon.colcon_core.package_identification:_identify(src/scout_mini_ros2) by extension 'ignore'
[0.411s] Level 1:colcon.colcon_core.package_identification:_identify(src/scout_mini_ros2) by extension 'ignore_ament_install'
[0.413s] Level 1:colcon.colcon_core.package_identification:_identify(src/scout_mini_ros2) by extensions ['colcon_pkg']
[0.413s] Level 1:colcon.colcon_core.package_identification:_identify(src/scout_mini_ros2) by extension 'colcon_pkg'
[0.414s] Level 1:colcon.colcon_core.package_identification:_identify(src/scout_mini_ros2) by extensions ['colcon_meta']
[0.415s] Level 1:colcon.colcon_core.package_identification:_identify(src/scout_mini_ros2) by extension 'colcon_meta'
[0.416s] Level 1:colcon.colcon_core.package_identification:_identify(src/scout_mini_ros2) by extensions ['ros']
[0.416s] Level 1:colcon.colcon_core.package_identification:_identify(src/scout_mini_ros2) by extension 'ros'
[0.425s] DEBUG:colcon.colcon_core.package_identification:Package 'src/scout_mini_ros2' with type 'ros.ament_cmake' and name 'scout_mini_ros2'
[0.426s] Level 1:colcon.colcon_core.package_discovery:discover_packages(recursive) using defaults
[0.426s] Level 1:colcon.colcon_core.package_discovery:discover_packages(ignore) discover
[0.426s] Level 1:colcon.colcon_core.package_discovery:discover_packages(ignore) using defaults
[0.426s] Level 1:colcon.colcon_core.package_discovery:discover_packages(path) discover
[0.427s] Level 1:colcon.colcon_core.package_discovery:discover_packages(path) using defaults
[0.465s] Level 5:colcon.colcon_core.verb:set package 'scout_mini_base' build argument 'cmake_args' from command line to 'None'
[0.465s] Level 5:colcon.colcon_core.verb:set package 'scout_mini_base' build argument 'cmake_target' from command line to 'None'
[0.465s] Level 5:colcon.colcon_core.verb:set package 'scout_mini_base' build argument 'cmake_target_skip_unavailable' from command line to 'False'
[0.466s] Level 5:colcon.colcon_core.verb:set package 'scout_mini_base' build argument 'cmake_clean_cache' from command line to 'False'
[0.466s] Level 5:colcon.colcon_core.verb:set package 'scout_mini_base' build argument 'cmake_clean_first' from command line to 'False'
[0.466s] Level 5:colcon.colcon_core.verb:set package 'scout_mini_base' build argument 'cmake_force_configure' from command line to 'False'
[0.466s] Level 5:colcon.colcon_core.verb:set package 'scout_mini_base' build argument 'ament_cmake_args' from command line to 'None'
[0.466s] Level 5:colcon.colcon_core.verb:set package 'scout_mini_base' build argument 'catkin_cmake_args' from command line to 'None'
[0.466s] Level 5:colcon.colcon_core.verb:set package 'scout_mini_base' build argument 'catkin_skip_building_tests' from command line to 'False'
[0.467s] DEBUG:colcon.colcon_core.verb:Building package 'scout_mini_base' with the following arguments: {'ament_cmake_args': None, 'build_base': '/Apollo/ros_ws/build/scout_mini_base', 'catkin_cmake_args': None, 'catkin_skip_building_tests': False, 'cmake_args': None, 'cmake_clean_cache': False, 'cmake_clean_first': False, 'cmake_force_configure': False, 'cmake_target': None, 'cmake_target_skip_unavailable': False, 'install_base': '/Apollo/ros_ws/install/scout_mini_base', 'merge_install': False, 'path': '/Apollo/ros_ws/src/scout_mini_base', 'symlink_install': False, 'test_result_base': None}
[0.467s] Level 5:colcon.colcon_core.verb:set package 'scout_mini_description' build argument 'cmake_args' from command line to 'None'
[0.468s] Level 5:colcon.colcon_core.verb:set package 'scout_mini_description' build argument 'cmake_target' from command line to 'None'
[0.468s] Level 5:colcon.colcon_core.verb:set package 'scout_mini_description' build argument 'cmake_target_skip_unavailable' from command line to 'False'
[0.468s] Level 5:colcon.colcon_core.verb:set package 'scout_mini_description' build argument 'cmake_clean_cache' from command line to 'False'
[0.468s] Level 5:colcon.colcon_core.verb:set package 'scout_mini_description' build argument 'cmake_clean_first' from command line to 'False'
[0.468s] Level 5:colcon.colcon_core.verb:set package 'scout_mini_description' build argument 'cmake_force_configure' from command line to 'False'
[0.468s] Level 5:colcon.colcon_core.verb:set package 'scout_mini_description' build argument 'ament_cmake_args' from command line to 'None'
[0.468s] Level 5:colcon.colcon_core.verb:set package 'scout_mini_description' build argument 'catkin_cmake_args' from command line to 'None'
[0.469s] Level 5:colcon.colcon_core.verb:set package 'scout_mini_description' build argument 'catkin_skip_building_tests' from command line to 'False'
[0.469s] DEBUG:colcon.colcon_core.verb:Building package 'scout_mini_description' with the following arguments: {'ament_cmake_args': None, 'build_base': '/Apollo/ros_ws/build/scout_mini_description', 'catkin_cmake_args': None, 'catkin_skip_building_tests': False, 'cmake_args': None, 'cmake_clean_cache': False, 'cmake_clean_first': False, 'cmake_force_configure': False, 'cmake_target': None, 'cmake_target_skip_unavailable': False, 'install_base': '/Apollo/ros_ws/install/scout_mini_description', 'merge_install': False, 'path': '/Apollo/ros_ws/src/scout_mini_description', 'symlink_install': False, 'test_result_base': None}
[0.469s] Level 5:colcon.colcon_core.verb:set package 'scout_mini_msgs' build argument 'cmake_args' from command line to 'None'
[0.470s] Level 5:colcon.colcon_core.verb:set package 'scout_mini_msgs' build argument 'cmake_target' from command line to 'None'
[0.470s] Level 5:colcon.colcon_core.verb:set package 'scout_mini_msgs' build argument 'cmake_target_skip_unavailable' from command line to 'False'
[0.470s] Level 5:colcon.colcon_core.verb:set package 'scout_mini_msgs' build argument 'cmake_clean_cache' from command line to 'False'
[0.470s] Level 5:colcon.colcon_core.verb:set package 'scout_mini_msgs' build argument 'cmake_clean_first' from command line to 'False'
[0.470s] Level 5:colcon.colcon_core.verb:set package 'scout_mini_msgs' build argument 'cmake_force_configure' from command line to 'False'
[0.471s] Level 5:colcon.colcon_core.verb:set package 'scout_mini_msgs' build argument 'ament_cmake_args' from command line to 'None'
[0.471s] Level 5:colcon.colcon_core.verb:set package 'scout_mini_msgs' build argument 'catkin_cmake_args' from command line to 'None'
[0.471s] Level 5:colcon.colcon_core.verb:set package 'scout_mini_msgs' build argument 'catkin_skip_building_tests' from command line to 'False'
[0.471s] DEBUG:colcon.colcon_core.verb:Building package 'scout_mini_msgs' with the following arguments: {'ament_cmake_args': None, 'build_base': '/Apollo/ros_ws/build/scout_mini_msgs', 'catkin_cmake_args': None, 'catkin_skip_building_tests': False, 'cmake_args': None, 'cmake_clean_cache': False, 'cmake_clean_first': False, 'cmake_force_configure': False, 'cmake_target': None, 'cmake_target_skip_unavailable': False, 'install_base': '/Apollo/ros_ws/install/scout_mini_msgs', 'merge_install': False, 'path': '/Apollo/ros_ws/src/scout_mini_msgs', 'symlink_install': False, 'test_result_base': None}
[0.472s] Level 5:colcon.colcon_core.verb:set package 'scout_mini_hardware' build argument 'cmake_args' from command line to 'None'
[0.472s] Level 5:colcon.colcon_core.verb:set package 'scout_mini_hardware' build argument 'cmake_target' from command line to 'None'
[0.472s] Level 5:colcon.colcon_core.verb:set package 'scout_mini_hardware' build argument 'cmake_target_skip_unavailable' from command line to 'False'
[0.472s] Level 5:colcon.colcon_core.verb:set package 'scout_mini_hardware' build argument 'cmake_clean_cache' from command line to 'False'
[0.472s] Level 5:colcon.colcon_core.verb:set package 'scout_mini_hardware' build argument 'cmake_clean_first' from command line to 'False'
[0.473s] Level 5:colcon.colcon_core.verb:set package 'scout_mini_hardware' build argument 'cmake_force_configure' from command line to 'False'
[0.473s] Level 5:colcon.colcon_core.verb:set package 'scout_mini_hardware' build argument 'ament_cmake_args' from command line to 'None'
[0.473s] Level 5:colcon.colcon_core.verb:set package 'scout_mini_hardware' build argument 'catkin_cmake_args' from command line to 'None'
[0.473s] Level 5:colcon.colcon_core.verb:set package 'scout_mini_hardware' build argument 'catkin_skip_building_tests' from command line to 'False'
[0.473s] DEBUG:colcon.colcon_core.verb:Building package 'scout_mini_hardware' with the following arguments: {'ament_cmake_args': None, 'build_base': '/Apollo/ros_ws/build/scout_mini_hardware', 'catkin_cmake_args': None, 'catkin_skip_building_tests': False, 'cmake_args': None, 'cmake_clean_cache': False, 'cmake_clean_first': False, 'cmake_force_configure': False, 'cmake_target': None, 'cmake_target_skip_unavailable': False, 'install_base': '/Apollo/ros_ws/install/scout_mini_hardware', 'merge_install': False, 'path': '/Apollo/ros_ws/src/scout_mini_hardware', 'symlink_install': False, 'test_result_base': None}
[0.474s] Level 5:colcon.colcon_core.verb:set package 'scout_mini_ros2' build argument 'cmake_args' from command line to 'None'
[0.474s] Level 5:colcon.colcon_core.verb:set package 'scout_mini_ros2' build argument 'cmake_target' from command line to 'None'
[0.474s] Level 5:colcon.colcon_core.verb:set package 'scout_mini_ros2' build argument 'cmake_target_skip_unavailable' from command line to 'False'
[0.474s] Level 5:colcon.colcon_core.verb:set package 'scout_mini_ros2' build argument 'cmake_clean_cache' from command line to 'False'
[0.475s] Level 5:colcon.colcon_core.verb:set package 'scout_mini_ros2' build argument 'cmake_clean_first' from command line to 'False'
[0.475s] Level 5:colcon.colcon_core.verb:set package 'scout_mini_ros2' build argument 'cmake_force_configure' from command line to 'False'
[0.475s] Level 5:colcon.colcon_core.verb:set package 'scout_mini_ros2' build argument 'ament_cmake_args' from command line to 'None'
[0.475s] Level 5:colcon.colcon_core.verb:set package 'scout_mini_ros2' build argument 'catkin_cmake_args' from command line to 'None'
[0.475s] Level 5:colcon.colcon_core.verb:set package 'scout_mini_ros2' build argument 'catkin_skip_building_tests' from command line to 'False'
[0.475s] DEBUG:colcon.colcon_core.verb:Building package 'scout_mini_ros2' with the following arguments: {'ament_cmake_args': None, 'build_base': '/Apollo/ros_ws/build/scout_mini_ros2', 'catkin_cmake_args': None, 'catkin_skip_building_tests': False, 'cmake_args': None, 'cmake_clean_cache': False, 'cmake_clean_first': False, 'cmake_force_configure': False, 'cmake_target': None, 'cmake_target_skip_unavailable': False, 'install_base': '/Apollo/ros_ws/install/scout_mini_ros2', 'merge_install': False, 'path': '/Apollo/ros_ws/src/scout_mini_ros2', 'symlink_install': False, 'test_result_base': None}
[0.476s] INFO:colcon.colcon_core.executor:Executing jobs using 'parallel' executor
[0.477s] DEBUG:colcon.colcon_parallel_executor.executor.parallel:run_until_complete
[0.477s] INFO:colcon.colcon_ros.task.ament_cmake.build:Building ROS package in '/Apollo/ros_ws/src/scout_mini_msgs' with build type 'ament_cmake'
[0.478s] INFO:colcon.colcon_cmake.task.cmake.build:Building CMake package in '/Apollo/ros_ws/src/scout_mini_msgs'
[0.480s] INFO:colcon.colcon_core.plugin_system:Skipping extension 'colcon_core.shell.bat': Not used on non-Windows systems
[0.481s] INFO:colcon.colcon_core.shell:Skip shell extension 'powershell' for command environment: Not usable outside of PowerShell
[0.481s] DEBUG:colcon.colcon_core.shell:Skip shell extension 'dsv' for command environment
[0.483s] WARNING:colcon.colcon_ros.prefix_path.ament:The path '/Apollo/ros_ws/install/scout_mini_ros2' in the environment variable AMENT_PREFIX_PATH doesn't exist
[0.484s] WARNING:colcon.colcon_ros.prefix_path.ament:The path '/Apollo/ros_ws/install/scout_mini_hardware' in the environment variable AMENT_PREFIX_PATH doesn't exist
[0.485s] WARNING:colcon.colcon_ros.prefix_path.ament:The path '/Apollo/ros_ws/install/scout_mini_msgs' in the environment variable AMENT_PREFIX_PATH doesn't exist
[0.487s] WARNING:colcon.colcon_ros.prefix_path.ament:The path '/Apollo/ros_ws/install/scout_mini_description' in the environment variable AMENT_PREFIX_PATH doesn't exist
[0.490s] WARNING:colcon.colcon_ros.prefix_path.ament:The path '/Apollo/ros_ws/install/scout_mini_base' in the environment variable AMENT_PREFIX_PATH doesn't exist
[0.492s] WARNING:colcon.colcon_ros.prefix_path.catkin:The path '/Apollo/ros_ws/install/scout_mini_ros2' in the environment variable CMAKE_PREFIX_PATH doesn't exist
[0.494s] WARNING:colcon.colcon_ros.prefix_path.catkin:The path '/Apollo/ros_ws/install/scout_mini_hardware' in the environment variable CMAKE_PREFIX_PATH doesn't exist
[0.495s] WARNING:colcon.colcon_ros.prefix_path.catkin:The path '/Apollo/ros_ws/install/scout_mini_msgs' in the environment variable CMAKE_PREFIX_PATH doesn't exist
[0.495s] WARNING:colcon.colcon_ros.prefix_path.catkin:The path '/Apollo/ros_ws/install/scout_mini_description' in the environment variable CMAKE_PREFIX_PATH doesn't exist
[0.500s] WARNING:colcon.colcon_ros.prefix_path.catkin:The path '/Apollo/ros_ws/install/scout_mini_base' in the environment variable CMAKE_PREFIX_PATH doesn't exist
[0.529s] INFO:colcon.colcon_ros.task.ament_cmake.build:Building ROS package in '/Apollo/ros_ws/src/scout_mini_base' with build type 'ament_cmake'
[0.529s] INFO:colcon.colcon_cmake.task.cmake.build:Building CMake package in '/Apollo/ros_ws/src/scout_mini_base'
[0.530s] INFO:colcon.colcon_core.shell:Skip shell extension 'powershell' for command environment: Not usable outside of PowerShell
[0.530s] DEBUG:colcon.colcon_core.shell:Skip shell extension 'dsv' for command environment
[0.559s] INFO:colcon.colcon_ros.task.ament_cmake.build:Building ROS package in '/Apollo/ros_ws/src/scout_mini_description' with build type 'ament_cmake'
[0.560s] INFO:colcon.colcon_cmake.task.cmake.build:Building CMake package in '/Apollo/ros_ws/src/scout_mini_description'
[0.561s] INFO:colcon.colcon_core.shell:Skip shell extension 'powershell' for command environment: Not usable outside of PowerShell
[0.561s] DEBUG:colcon.colcon_core.shell:Skip shell extension 'dsv' for command environment
[0.847s] DEBUG:colcon.colcon_core.event_handler.log_command:Invoking command in '/Apollo/ros_ws/build/scout_mini_msgs': CMAKE_PREFIX_PATH=${CMAKE_PREFIX_PATH}:/opt/ros/humble /usr/bin/cmake /Apollo/ros_ws/src/scout_mini_msgs -DCMAKE_INSTALL_PREFIX=/Apollo/ros_ws/install/scout_mini_msgs
[0.877s] DEBUG:colcon.colcon_core.event_handler.log_command:Invoking command in '/Apollo/ros_ws/build/scout_mini_base': CMAKE_PREFIX_PATH=${CMAKE_PREFIX_PATH}:/opt/ros/humble /usr/bin/cmake /Apollo/ros_ws/src/scout_mini_base -DCMAKE_INSTALL_PREFIX=/Apollo/ros_ws/install/scout_mini_base
[0.916s] DEBUG:colcon.colcon_core.event_handler.log_command:Invoking command in '/Apollo/ros_ws/build/scout_mini_description': CMAKE_PREFIX_PATH=${CMAKE_PREFIX_PATH}:/opt/ros/humble /usr/bin/cmake /Apollo/ros_ws/src/scout_mini_description -DCMAKE_INSTALL_PREFIX=/Apollo/ros_ws/install/scout_mini_description
[15.263s] DEBUG:colcon.colcon_core.event_handler.log_command:Invoked command in '/Apollo/ros_ws/build/scout_mini_description' returned '0': CMAKE_PREFIX_PATH=${CMAKE_PREFIX_PATH}:/opt/ros/humble /usr/bin/cmake /Apollo/ros_ws/src/scout_mini_description -DCMAKE_INSTALL_PREFIX=/Apollo/ros_ws/install/scout_mini_description
[15.273s] DEBUG:colcon.colcon_core.event_handler.log_command:Invoking command in '/Apollo/ros_ws/build/scout_mini_description': CMAKE_PREFIX_PATH=${CMAKE_PREFIX_PATH}:/opt/ros/humble /usr/bin/cmake --build /Apollo/ros_ws/build/scout_mini_description -- -j20 -l20
[15.586s] DEBUG:colcon.colcon_core.event_handler.log_command:Invoked command in '/Apollo/ros_ws/build/scout_mini_base' returned '0': CMAKE_PREFIX_PATH=${CMAKE_PREFIX_PATH}:/opt/ros/humble /usr/bin/cmake /Apollo/ros_ws/src/scout_mini_base -DCMAKE_INSTALL_PREFIX=/Apollo/ros_ws/install/scout_mini_base
[15.594s] DEBUG:colcon.colcon_core.event_handler.log_command:Invoking command in '/Apollo/ros_ws/build/scout_mini_base': CMAKE_PREFIX_PATH=${CMAKE_PREFIX_PATH}:/opt/ros/humble /usr/bin/cmake --build /Apollo/ros_ws/build/scout_mini_base -- -j20 -l20
[15.640s] DEBUG:colcon.colcon_core.event_handler.log_command:Invoked command in '/Apollo/ros_ws/build/scout_mini_description' returned '0': CMAKE_PREFIX_PATH=${CMAKE_PREFIX_PATH}:/opt/ros/humble /usr/bin/cmake --build /Apollo/ros_ws/build/scout_mini_description -- -j20 -l20
[15.691s] DEBUG:colcon.colcon_core.event_handler.log_command:Invoking command in '/Apollo/ros_ws/build/scout_mini_description': CMAKE_PREFIX_PATH=${CMAKE_PREFIX_PATH}:/opt/ros/humble /usr/bin/cmake --install /Apollo/ros_ws/build/scout_mini_description
[15.775s] DEBUG:colcon.colcon_core.event_handler.log_command:Invoked command in '/Apollo/ros_ws/build/scout_mini_base' returned '0': CMAKE_PREFIX_PATH=${CMAKE_PREFIX_PATH}:/opt/ros/humble /usr/bin/cmake --build /Apollo/ros_ws/build/scout_mini_base -- -j20 -l20
[15.796s] DEBUG:colcon.colcon_core.event_handler.log_command:Invoking command in '/Apollo/ros_ws/build/scout_mini_base': CMAKE_PREFIX_PATH=${CMAKE_PREFIX_PATH}:/opt/ros/humble /usr/bin/cmake --install /Apollo/ros_ws/build/scout_mini_base
[17.790s] Level 1:colcon.colcon_core.environment:create_environment_scripts_only(scout_mini_base)
[17.792s] DEBUG:colcon.colcon_core.event_handler.log_command:Invoked command in '/Apollo/ros_ws/build/scout_mini_base' returned '0': CMAKE_PREFIX_PATH=${CMAKE_PREFIX_PATH}:/opt/ros/humble /usr/bin/cmake --install /Apollo/ros_ws/build/scout_mini_base
[17.793s] Level 1:colcon.colcon_core.environment:checking '/Apollo/ros_ws/install/scout_mini_base' for CMake module files
[17.857s] Level 1:colcon.colcon_core.environment:checking '/Apollo/ros_ws/install/scout_mini_base' for CMake config files
[17.902s] Level 1:colcon.colcon_core.shell:create_environment_hook('scout_mini_base', 'cmake_prefix_path')
[17.903s] INFO:colcon.colcon_core.shell:Creating environment hook '/Apollo/ros_ws/install/scout_mini_base/share/scout_mini_base/hook/cmake_prefix_path.ps1'
[17.914s] INFO:colcon.colcon_core.shell:Creating environment descriptor '/Apollo/ros_ws/install/scout_mini_base/share/scout_mini_base/hook/cmake_prefix_path.dsv'
[17.927s] INFO:colcon.colcon_core.shell:Creating environment hook '/Apollo/ros_ws/install/scout_mini_base/share/scout_mini_base/hook/cmake_prefix_path.sh'
[17.943s] Level 1:colcon.colcon_core.environment:checking '/Apollo/ros_ws/install/scout_mini_base/bin'
[17.944s] Level 1:colcon.colcon_core.environment:checking '/Apollo/ros_ws/install/scout_mini_base/lib/pkgconfig/scout_mini_base.pc'
[17.947s] Level 1:colcon.colcon_core.environment:checking '/Apollo/ros_ws/install/scout_mini_base/lib/python3.10/site-packages'
[17.948s] Level 1:colcon.colcon_core.environment:checking '/Apollo/ros_ws/install/scout_mini_base/bin'
[17.950s] INFO:colcon.colcon_core.shell:Creating package script '/Apollo/ros_ws/install/scout_mini_base/share/scout_mini_base/package.ps1'
[17.961s] INFO:colcon.colcon_core.shell:Creating package descriptor '/Apollo/ros_ws/install/scout_mini_base/share/scout_mini_base/package.dsv'
[17.971s] INFO:colcon.colcon_core.shell:Creating package script '/Apollo/ros_ws/install/scout_mini_base/share/scout_mini_base/package.sh'
[17.983s] INFO:colcon.colcon_core.shell:Creating package script '/Apollo/ros_ws/install/scout_mini_base/share/scout_mini_base/package.bash'
[17.994s] INFO:colcon.colcon_core.shell:Creating package script '/Apollo/ros_ws/install/scout_mini_base/share/scout_mini_base/package.zsh'
[18.007s] Level 1:colcon.colcon_core.environment:create_file_with_runtime_dependencies(/Apollo/ros_ws/install/scout_mini_base/share/colcon-core/packages/scout_mini_base)
[18.041s] Level 1:colcon.colcon_core.environment:create_environment_scripts_only(scout_mini_base)
[18.042s] Level 1:colcon.colcon_core.environment:checking '/Apollo/ros_ws/install/scout_mini_base' for CMake module files
[18.205s] Level 1:colcon.colcon_core.environment:checking '/Apollo/ros_ws/install/scout_mini_base' for CMake config files
[18.260s] Level 1:colcon.colcon_core.shell:create_environment_hook('scout_mini_base', 'cmake_prefix_path')
[18.260s] INFO:colcon.colcon_core.shell:Creating environment hook '/Apollo/ros_ws/install/scout_mini_base/share/scout_mini_base/hook/cmake_prefix_path.ps1'
[18.274s] INFO:colcon.colcon_core.shell:Creating environment descriptor '/Apollo/ros_ws/install/scout_mini_base/share/scout_mini_base/hook/cmake_prefix_path.dsv'
[18.287s] INFO:colcon.colcon_core.shell:Creating environment hook '/Apollo/ros_ws/install/scout_mini_base/share/scout_mini_base/hook/cmake_prefix_path.sh'
[18.304s] Level 1:colcon.colcon_core.environment:checking '/Apollo/ros_ws/install/scout_mini_base/bin'
[18.305s] Level 1:colcon.colcon_core.environment:checking '/Apollo/ros_ws/install/scout_mini_base/lib/pkgconfig/scout_mini_base.pc'
[18.306s] Level 1:colcon.colcon_core.environment:checking '/Apollo/ros_ws/install/scout_mini_base/lib/python3.10/site-packages'
[18.308s] Level 1:colcon.colcon_core.environment:checking '/Apollo/ros_ws/install/scout_mini_base/bin'
[18.309s] INFO:colcon.colcon_core.shell:Creating package script '/Apollo/ros_ws/install/scout_mini_base/share/scout_mini_base/package.ps1'
[18.321s] INFO:colcon.colcon_core.shell:Creating package descriptor '/Apollo/ros_ws/install/scout_mini_base/share/scout_mini_base/package.dsv'
[18.332s] INFO:colcon.colcon_core.shell:Creating package script '/Apollo/ros_ws/install/scout_mini_base/share/scout_mini_base/package.sh'
[18.341s] INFO:colcon.colcon_core.shell:Creating package script '/Apollo/ros_ws/install/scout_mini_base/share/scout_mini_base/package.bash'
[18.355s] INFO:colcon.colcon_core.shell:Creating package script '/Apollo/ros_ws/install/scout_mini_base/share/scout_mini_base/package.zsh'
[18.366s] Level 1:colcon.colcon_core.environment:create_file_with_runtime_dependencies(/Apollo/ros_ws/install/scout_mini_base/share/colcon-core/packages/scout_mini_base)
[19.892s] Level 1:colcon.colcon_core.environment:create_environment_scripts_only(scout_mini_description)
[19.897s] Level 1:colcon.colcon_core.environment:checking '/Apollo/ros_ws/install/scout_mini_description' for CMake module files
[19.914s] DEBUG:colcon.colcon_core.event_handler.log_command:Invoked command in '/Apollo/ros_ws/build/scout_mini_description' returned '0': CMAKE_PREFIX_PATH=${CMAKE_PREFIX_PATH}:/opt/ros/humble /usr/bin/cmake --install /Apollo/ros_ws/build/scout_mini_description
[20.050s] Level 1:colcon.colcon_core.environment:checking '/Apollo/ros_ws/install/scout_mini_description' for CMake config files
[20.197s] Level 1:colcon.colcon_core.shell:create_environment_hook('scout_mini_description', 'cmake_prefix_path')
[20.197s] INFO:colcon.colcon_core.shell:Creating environment hook '/Apollo/ros_ws/install/scout_mini_description/share/scout_mini_description/hook/cmake_prefix_path.ps1'
[20.211s] INFO:colcon.colcon_core.shell:Creating environment descriptor '/Apollo/ros_ws/install/scout_mini_description/share/scout_mini_description/hook/cmake_prefix_path.dsv'
[20.223s] INFO:colcon.colcon_core.shell:Creating environment hook '/Apollo/ros_ws/install/scout_mini_description/share/scout_mini_description/hook/cmake_prefix_path.sh'
[20.242s] Level 1:colcon.colcon_core.environment:checking '/Apollo/ros_ws/install/scout_mini_description/bin'
[20.244s] Level 1:colcon.colcon_core.environment:checking '/Apollo/ros_ws/install/scout_mini_description/lib/pkgconfig/scout_mini_description.pc'
[20.249s] Level 1:colcon.colcon_core.environment:checking '/Apollo/ros_ws/install/scout_mini_description/lib/python3.10/site-packages'
[20.251s] Level 1:colcon.colcon_core.environment:checking '/Apollo/ros_ws/install/scout_mini_description/bin'
[20.252s] INFO:colcon.colcon_core.shell:Creating package script '/Apollo/ros_ws/install/scout_mini_description/share/scout_mini_description/package.ps1'
[20.267s] INFO:colcon.colcon_core.shell:Creating package descriptor '/Apollo/ros_ws/install/scout_mini_description/share/scout_mini_description/package.dsv'
[20.280s] INFO:colcon.colcon_core.shell:Creating package script '/Apollo/ros_ws/install/scout_mini_description/share/scout_mini_description/package.sh'
[20.292s] INFO:colcon.colcon_core.shell:Creating package script '/Apollo/ros_ws/install/scout_mini_description/share/scout_mini_description/package.bash'
[20.314s] INFO:colcon.colcon_core.shell:Creating package script '/Apollo/ros_ws/install/scout_mini_description/share/scout_mini_description/package.zsh'
[20.326s] Level 1:colcon.colcon_core.environment:create_file_with_runtime_dependencies(/Apollo/ros_ws/install/scout_mini_description/share/colcon-core/packages/scout_mini_description)
[20.353s] Level 1:colcon.colcon_core.environment:create_environment_scripts_only(scout_mini_description)
[20.353s] Level 1:colcon.colcon_core.environment:checking '/Apollo/ros_ws/install/scout_mini_description' for CMake module files
[20.435s] Level 1:colcon.colcon_core.environment:checking '/Apollo/ros_ws/install/scout_mini_description' for CMake config files
[20.492s] Level 1:colcon.colcon_core.shell:create_environment_hook('scout_mini_description', 'cmake_prefix_path')
[20.492s] INFO:colcon.colcon_core.shell:Creating environment hook '/Apollo/ros_ws/install/scout_mini_description/share/scout_mini_description/hook/cmake_prefix_path.ps1'
[20.504s] INFO:colcon.colcon_core.shell:Creating environment descriptor '/Apollo/ros_ws/install/scout_mini_description/share/scout_mini_description/hook/cmake_prefix_path.dsv'
[20.518s] INFO:colcon.colcon_core.shell:Creating environment hook '/Apollo/ros_ws/install/scout_mini_description/share/scout_mini_description/hook/cmake_prefix_path.sh'
[20.534s] Level 1:colcon.colcon_core.environment:checking '/Apollo/ros_ws/install/scout_mini_description/bin'
[20.535s] Level 1:colcon.colcon_core.environment:checking '/Apollo/ros_ws/install/scout_mini_description/lib/pkgconfig/scout_mini_description.pc'
[20.536s] Level 1:colcon.colcon_core.environment:checking '/Apollo/ros_ws/install/scout_mini_description/lib/python3.10/site-packages'
[20.538s] Level 1:colcon.colcon_core.environment:checking '/Apollo/ros_ws/install/scout_mini_description/bin'
[20.539s] INFO:colcon.colcon_core.shell:Creating package script '/Apollo/ros_ws/install/scout_mini_description/share/scout_mini_description/package.ps1'
[20.550s] INFO:colcon.colcon_core.shell:Creating package descriptor '/Apollo/ros_ws/install/scout_mini_description/share/scout_mini_description/package.dsv'
[20.561s] INFO:colcon.colcon_core.shell:Creating package script '/Apollo/ros_ws/install/scout_mini_description/share/scout_mini_description/package.sh'
[20.582s] INFO:colcon.colcon_core.shell:Creating package script '/Apollo/ros_ws/install/scout_mini_description/share/scout_mini_description/package.bash'
[20.647s] INFO:colcon.colcon_core.shell:Creating package script '/Apollo/ros_ws/install/scout_mini_description/share/scout_mini_description/package.zsh'
[20.706s] Level 1:colcon.colcon_core.environment:create_file_with_runtime_dependencies(/Apollo/ros_ws/install/scout_mini_description/share/colcon-core/packages/scout_mini_description)
[21.701s] DEBUG:colcon.colcon_core.event_handler.log_command:Invoked command in '/Apollo/ros_ws/build/scout_mini_msgs' returned '0': CMAKE_PREFIX_PATH=${CMAKE_PREFIX_PATH}:/opt/ros/humble /usr/bin/cmake /Apollo/ros_ws/src/scout_mini_msgs -DCMAKE_INSTALL_PREFIX=/Apollo/ros_ws/install/scout_mini_msgs
[21.711s] DEBUG:colcon.colcon_core.event_handler.log_command:Invoking command in '/Apollo/ros_ws/build/scout_mini_msgs': CMAKE_PREFIX_PATH=${CMAKE_PREFIX_PATH}:/opt/ros/humble /usr/bin/cmake --build /Apollo/ros_ws/build/scout_mini_msgs -- -j20 -l20
[37.039s] DEBUG:colcon.colcon_core.event_handler.log_command:Invoked command in '/Apollo/ros_ws/build/scout_mini_msgs' returned '0': CMAKE_PREFIX_PATH=${CMAKE_PREFIX_PATH}:/opt/ros/humble /usr/bin/cmake --build /Apollo/ros_ws/build/scout_mini_msgs -- -j20 -l20
[37.056s] DEBUG:colcon.colcon_core.event_handler.log_command:Invoking command in '/Apollo/ros_ws/build/scout_mini_msgs': CMAKE_PREFIX_PATH=${CMAKE_PREFIX_PATH}:/opt/ros/humble /usr/bin/cmake --install /Apollo/ros_ws/build/scout_mini_msgs
[54.001s] Level 1:colcon.colcon_core.environment:create_environment_scripts_only(scout_mini_msgs)
[54.002s] Level 1:colcon.colcon_core.environment:checking '/Apollo/ros_ws/install/scout_mini_msgs' for CMake module files
[54.003s] DEBUG:colcon.colcon_core.event_handler.log_command:Invoked command in '/Apollo/ros_ws/build/scout_mini_msgs' returned '0': CMAKE_PREFIX_PATH=${CMAKE_PREFIX_PATH}:/opt/ros/humble /usr/bin/cmake --install /Apollo/ros_ws/build/scout_mini_msgs
[54.213s] Level 1:colcon.colcon_core.environment:checking '/Apollo/ros_ws/install/scout_mini_msgs' for CMake config files
[54.377s] Level 1:colcon.colcon_core.shell:create_environment_hook('scout_mini_msgs', 'cmake_prefix_path')
[54.378s] INFO:colcon.colcon_core.shell:Creating environment hook '/Apollo/ros_ws/install/scout_mini_msgs/share/scout_mini_msgs/hook/cmake_prefix_path.ps1'
[54.390s] INFO:colcon.colcon_core.shell:Creating environment descriptor '/Apollo/ros_ws/install/scout_mini_msgs/share/scout_mini_msgs/hook/cmake_prefix_path.dsv'
[54.403s] INFO:colcon.colcon_core.shell:Creating environment hook '/Apollo/ros_ws/install/scout_mini_msgs/share/scout_mini_msgs/hook/cmake_prefix_path.sh'
[54.425s] Level 1:colcon.colcon_core.environment:checking '/Apollo/ros_ws/install/scout_mini_msgs/lib'
[54.430s] Level 1:colcon.colcon_core.shell:create_environment_hook('scout_mini_msgs', 'ld_library_path_lib')
[54.431s] INFO:colcon.colcon_core.shell:Creating environment hook '/Apollo/ros_ws/install/scout_mini_msgs/share/scout_mini_msgs/hook/ld_library_path_lib.ps1'
[54.445s] INFO:colcon.colcon_core.shell:Creating environment descriptor '/Apollo/ros_ws/install/scout_mini_msgs/share/scout_mini_msgs/hook/ld_library_path_lib.dsv'
[54.472s] INFO:colcon.colcon_core.shell:Creating environment hook '/Apollo/ros_ws/install/scout_mini_msgs/share/scout_mini_msgs/hook/ld_library_path_lib.sh'
[54.490s] Level 1:colcon.colcon_core.environment:checking '/Apollo/ros_ws/install/scout_mini_msgs/bin'
[54.492s] Level 1:colcon.colcon_core.environment:checking '/Apollo/ros_ws/install/scout_mini_msgs/lib/pkgconfig/scout_mini_msgs.pc'
[54.494s] Level 1:colcon.colcon_core.environment:checking '/Apollo/ros_ws/install/scout_mini_msgs/lib/python3.10/site-packages'
[54.496s] Level 1:colcon.colcon_core.environment:checking '/Apollo/ros_ws/install/scout_mini_msgs/bin'
[54.498s] INFO:colcon.colcon_core.shell:Creating package script '/Apollo/ros_ws/install/scout_mini_msgs/share/scout_mini_msgs/package.ps1'
[54.512s] INFO:colcon.colcon_core.shell:Creating package descriptor '/Apollo/ros_ws/install/scout_mini_msgs/share/scout_mini_msgs/package.dsv'
[54.528s] INFO:colcon.colcon_core.shell:Creating package script '/Apollo/ros_ws/install/scout_mini_msgs/share/scout_mini_msgs/package.sh'
[54.544s] INFO:colcon.colcon_core.shell:Creating package script '/Apollo/ros_ws/install/scout_mini_msgs/share/scout_mini_msgs/package.bash'
[54.555s] INFO:colcon.colcon_core.shell:Creating package script '/Apollo/ros_ws/install/scout_mini_msgs/share/scout_mini_msgs/package.zsh'
[54.563s] Level 1:colcon.colcon_core.environment:create_file_with_runtime_dependencies(/Apollo/ros_ws/install/scout_mini_msgs/share/colcon-core/packages/scout_mini_msgs)
[54.589s] Level 1:colcon.colcon_core.environment:create_environment_scripts_only(scout_mini_msgs)
[54.589s] Level 1:colcon.colcon_core.environment:checking '/Apollo/ros_ws/install/scout_mini_msgs' for CMake module files
[54.809s] Level 1:colcon.colcon_core.environment:checking '/Apollo/ros_ws/install/scout_mini_msgs' for CMake config files
[54.961s] Level 1:colcon.colcon_core.shell:create_environment_hook('scout_mini_msgs', 'cmake_prefix_path')
[54.961s] INFO:colcon.colcon_core.shell:Creating environment hook '/Apollo/ros_ws/install/scout_mini_msgs/share/scout_mini_msgs/hook/cmake_prefix_path.ps1'
[54.972s] INFO:colcon.colcon_core.shell:Creating environment descriptor '/Apollo/ros_ws/install/scout_mini_msgs/share/scout_mini_msgs/hook/cmake_prefix_path.dsv'
[54.983s] INFO:colcon.colcon_core.shell:Creating environment hook '/Apollo/ros_ws/install/scout_mini_msgs/share/scout_mini_msgs/hook/cmake_prefix_path.sh'
[54.996s] Level 1:colcon.colcon_core.environment:checking '/Apollo/ros_ws/install/scout_mini_msgs/lib'
[55.000s] Level 1:colcon.colcon_core.shell:create_environment_hook('scout_mini_msgs', 'ld_library_path_lib')
[55.000s] INFO:colcon.colcon_core.shell:Creating environment hook '/Apollo/ros_ws/install/scout_mini_msgs/share/scout_mini_msgs/hook/ld_library_path_lib.ps1'
[55.011s] INFO:colcon.colcon_core.shell:Creating environment descriptor '/Apollo/ros_ws/install/scout_mini_msgs/share/scout_mini_msgs/hook/ld_library_path_lib.dsv'
[55.023s] INFO:colcon.colcon_core.shell:Creating environment hook '/Apollo/ros_ws/install/scout_mini_msgs/share/scout_mini_msgs/hook/ld_library_path_lib.sh'
[55.033s] Level 1:colcon.colcon_core.environment:checking '/Apollo/ros_ws/install/scout_mini_msgs/bin'
[55.034s] Level 1:colcon.colcon_core.environment:checking '/Apollo/ros_ws/install/scout_mini_msgs/lib/pkgconfig/scout_mini_msgs.pc'
[55.036s] Level 1:colcon.colcon_core.environment:checking '/Apollo/ros_ws/install/scout_mini_msgs/lib/python3.10/site-packages'
[55.037s] Level 1:colcon.colcon_core.environment:checking '/Apollo/ros_ws/install/scout_mini_msgs/bin'
[55.038s] INFO:colcon.colcon_core.shell:Creating package script '/Apollo/ros_ws/install/scout_mini_msgs/share/scout_mini_msgs/package.ps1'
[55.046s] INFO:colcon.colcon_core.shell:Creating package descriptor '/Apollo/ros_ws/install/scout_mini_msgs/share/scout_mini_msgs/package.dsv'
[55.054s] INFO:colcon.colcon_core.shell:Creating package script '/Apollo/ros_ws/install/scout_mini_msgs/share/scout_mini_msgs/package.sh'
[55.062s] INFO:colcon.colcon_core.shell:Creating package script '/Apollo/ros_ws/install/scout_mini_msgs/share/scout_mini_msgs/package.bash'
[55.071s] INFO:colcon.colcon_core.shell:Creating package script '/Apollo/ros_ws/install/scout_mini_msgs/share/scout_mini_msgs/package.zsh'
[55.084s] Level 1:colcon.colcon_core.environment:create_file_with_runtime_dependencies(/Apollo/ros_ws/install/scout_mini_msgs/share/colcon-core/packages/scout_mini_msgs)
[55.093s] INFO:colcon.colcon_ros.task.ament_cmake.build:Building ROS package in '/Apollo/ros_ws/src/scout_mini_hardware' with build type 'ament_cmake'
[55.093s] INFO:colcon.colcon_cmake.task.cmake.build:Building CMake package in '/Apollo/ros_ws/src/scout_mini_hardware'
[55.094s] INFO:colcon.colcon_core.shell:Skip shell extension 'powershell' for command environment: Not usable outside of PowerShell
[55.094s] DEBUG:colcon.colcon_core.shell:Skip shell extension 'dsv' for command environment
[55.395s] DEBUG:colcon.colcon_core.event_handler.log_command:Invoking command in '/Apollo/ros_ws/build/scout_mini_hardware': CMAKE_PREFIX_PATH=/Apollo/ros_ws/install/scout_mini_msgs:/Apollo/ros_ws/install/scout_mini_ros2:/Apollo/ros_ws/install/scout_mini_hardware:/Apollo/ros_ws/install/scout_mini_description:/Apollo/ros_ws/install/scout_mini_base:/opt/ros/humble LD_LIBRARY_PATH=/Apollo/ros_ws/install/scout_mini_msgs/lib:/Apollo/ros_ws/install/scout_mini_hardware/lib:/usr/lib/x86_64-linux-gnu/gazebo-11/plugins:/opt/ros/humble/opt/rviz_ogre_vendor/lib:/opt/ros/humble/lib/x86_64-linux-gnu:/opt/ros/humble/lib /usr/bin/cmake /Apollo/ros_ws/src/scout_mini_hardware -DCMAKE_INSTALL_PREFIX=/Apollo/ros_ws/install/scout_mini_hardware
[82.032s] DEBUG:colcon.colcon_core.event_handler.log_command:Invoked command in '/Apollo/ros_ws/build/scout_mini_hardware' returned '0': CMAKE_PREFIX_PATH=/Apollo/ros_ws/install/scout_mini_msgs:/Apollo/ros_ws/install/scout_mini_ros2:/Apollo/ros_ws/install/scout_mini_hardware:/Apollo/ros_ws/install/scout_mini_description:/Apollo/ros_ws/install/scout_mini_base:/opt/ros/humble LD_LIBRARY_PATH=/Apollo/ros_ws/install/scout_mini_msgs/lib:/Apollo/ros_ws/install/scout_mini_hardware/lib:/usr/lib/x86_64-linux-gnu/gazebo-11/plugins:/opt/ros/humble/opt/rviz_ogre_vendor/lib:/opt/ros/humble/lib/x86_64-linux-gnu:/opt/ros/humble/lib /usr/bin/cmake /Apollo/ros_ws/src/scout_mini_hardware -DCMAKE_INSTALL_PREFIX=/Apollo/ros_ws/install/scout_mini_hardware
[82.043s] DEBUG:colcon.colcon_core.event_handler.log_command:Invoking command in '/Apollo/ros_ws/build/scout_mini_hardware': CMAKE_PREFIX_PATH=/Apollo/ros_ws/install/scout_mini_msgs:/Apollo/ros_ws/install/scout_mini_ros2:/Apollo/ros_ws/install/scout_mini_hardware:/Apollo/ros_ws/install/scout_mini_description:/Apollo/ros_ws/install/scout_mini_base:/opt/ros/humble LD_LIBRARY_PATH=/Apollo/ros_ws/install/scout_mini_msgs/lib:/Apollo/ros_ws/install/scout_mini_hardware/lib:/usr/lib/x86_64-linux-gnu/gazebo-11/plugins:/opt/ros/humble/opt/rviz_ogre_vendor/lib:/opt/ros/humble/lib/x86_64-linux-gnu:/opt/ros/humble/lib /usr/bin/cmake --build /Apollo/ros_ws/build/scout_mini_hardware -- -j20 -l20
[107.865s] DEBUG:colcon.colcon_core.event_handler.log_command:Invoked command in '/Apollo/ros_ws/build/scout_mini_hardware' returned '0': CMAKE_PREFIX_PATH=/Apollo/ros_ws/install/scout_mini_msgs:/Apollo/ros_ws/install/scout_mini_ros2:/Apollo/ros_ws/install/scout_mini_hardware:/Apollo/ros_ws/install/scout_mini_description:/Apollo/ros_ws/install/scout_mini_base:/opt/ros/humble LD_LIBRARY_PATH=/Apollo/ros_ws/install/scout_mini_msgs/lib:/Apollo/ros_ws/install/scout_mini_hardware/lib:/usr/lib/x86_64-linux-gnu/gazebo-11/plugins:/opt/ros/humble/opt/rviz_ogre_vendor/lib:/opt/ros/humble/lib/x86_64-linux-gnu:/opt/ros/humble/lib /usr/bin/cmake --build /Apollo/ros_ws/build/scout_mini_hardware -- -j20 -l20
[107.890s] DEBUG:colcon.colcon_core.event_handler.log_command:Invoking command in '/Apollo/ros_ws/build/scout_mini_hardware': CMAKE_PREFIX_PATH=/Apollo/ros_ws/install/scout_mini_msgs:/Apollo/ros_ws/install/scout_mini_ros2:/Apollo/ros_ws/install/scout_mini_hardware:/Apollo/ros_ws/install/scout_mini_description:/Apollo/ros_ws/install/scout_mini_base:/opt/ros/humble LD_LIBRARY_PATH=/Apollo/ros_ws/install/scout_mini_msgs/lib:/Apollo/ros_ws/install/scout_mini_hardware/lib:/usr/lib/x86_64-linux-gnu/gazebo-11/plugins:/opt/ros/humble/opt/rviz_ogre_vendor/lib:/opt/ros/humble/lib/x86_64-linux-gnu:/opt/ros/humble/lib /usr/bin/cmake --install /Apollo/ros_ws/build/scout_mini_hardware
[110.157s] Level 1:colcon.colcon_core.environment:create_environment_scripts_only(scout_mini_hardware)
[110.158s] Level 1:colcon.colcon_core.environment:checking '/Apollo/ros_ws/install/scout_mini_hardware' for CMake module files
[110.159s] DEBUG:colcon.colcon_core.event_handler.log_command:Invoked command in '/Apollo/ros_ws/build/scout_mini_hardware' returned '0': CMAKE_PREFIX_PATH=/Apollo/ros_ws/install/scout_mini_msgs:/Apollo/ros_ws/install/scout_mini_ros2:/Apollo/ros_ws/install/scout_mini_hardware:/Apollo/ros_ws/install/scout_mini_description:/Apollo/ros_ws/install/scout_mini_base:/opt/ros/humble LD_LIBRARY_PATH=/Apollo/ros_ws/install/scout_mini_msgs/lib:/Apollo/ros_ws/install/scout_mini_hardware/lib:/usr/lib/x86_64-linux-gnu/gazebo-11/plugins:/opt/ros/humble/opt/rviz_ogre_vendor/lib:/opt/ros/humble/lib/x86_64-linux-gnu:/opt/ros/humble/lib /usr/bin/cmake --install /Apollo/ros_ws/build/scout_mini_hardware
[110.244s] Level 1:colcon.colcon_core.environment:checking '/Apollo/ros_ws/install/scout_mini_hardware' for CMake config files
[110.304s] Level 1:colcon.colcon_core.shell:create_environment_hook('scout_mini_hardware', 'cmake_prefix_path')
[110.304s] INFO:colcon.colcon_core.shell:Creating environment hook '/Apollo/ros_ws/install/scout_mini_hardware/share/scout_mini_hardware/hook/cmake_prefix_path.ps1'
[110.317s] INFO:colcon.colcon_core.shell:Creating environment descriptor '/Apollo/ros_ws/install/scout_mini_hardware/share/scout_mini_hardware/hook/cmake_prefix_path.dsv'
[110.334s] INFO:colcon.colcon_core.shell:Creating environment hook '/Apollo/ros_ws/install/scout_mini_hardware/share/scout_mini_hardware/hook/cmake_prefix_path.sh'
[110.348s] Level 1:colcon.colcon_core.environment:checking '/Apollo/ros_ws/install/scout_mini_hardware/lib'
[110.351s] Level 1:colcon.colcon_core.shell:create_environment_hook('scout_mini_hardware', 'ld_library_path_lib')
[110.352s] INFO:colcon.colcon_core.shell:Creating environment hook '/Apollo/ros_ws/install/scout_mini_hardware/share/scout_mini_hardware/hook/ld_library_path_lib.ps1'
[110.364s] INFO:colcon.colcon_core.shell:Creating environment descriptor '/Apollo/ros_ws/install/scout_mini_hardware/share/scout_mini_hardware/hook/ld_library_path_lib.dsv'
[110.388s] INFO:colcon.colcon_core.shell:Creating environment hook '/Apollo/ros_ws/install/scout_mini_hardware/share/scout_mini_hardware/hook/ld_library_path_lib.sh'
[110.404s] Level 1:colcon.colcon_core.environment:checking '/Apollo/ros_ws/install/scout_mini_hardware/bin'
[110.405s] Level 1:colcon.colcon_core.environment:checking '/Apollo/ros_ws/install/scout_mini_hardware/lib/pkgconfig/scout_mini_hardware.pc'
[110.407s] Level 1:colcon.colcon_core.environment:checking '/Apollo/ros_ws/install/scout_mini_hardware/lib/python3.10/site-packages'
[110.409s] Level 1:colcon.colcon_core.environment:checking '/Apollo/ros_ws/install/scout_mini_hardware/bin'
[110.411s] INFO:colcon.colcon_core.shell:Creating package script '/Apollo/ros_ws/install/scout_mini_hardware/share/scout_mini_hardware/package.ps1'
[110.424s] INFO:colcon.colcon_core.shell:Creating package descriptor '/Apollo/ros_ws/install/scout_mini_hardware/share/scout_mini_hardware/package.dsv'
[110.436s] INFO:colcon.colcon_core.shell:Creating package script '/Apollo/ros_ws/install/scout_mini_hardware/share/scout_mini_hardware/package.sh'
[110.452s] INFO:colcon.colcon_core.shell:Creating package script '/Apollo/ros_ws/install/scout_mini_hardware/share/scout_mini_hardware/package.bash'
[110.470s] INFO:colcon.colcon_core.shell:Creating package script '/Apollo/ros_ws/install/scout_mini_hardware/share/scout_mini_hardware/package.zsh'
[110.507s] Level 1:colcon.colcon_core.environment:create_file_with_runtime_dependencies(/Apollo/ros_ws/install/scout_mini_hardware/share/colcon-core/packages/scout_mini_hardware)
[110.541s] Level 1:colcon.colcon_core.environment:create_environment_scripts_only(scout_mini_hardware)
[110.542s] Level 1:colcon.colcon_core.environment:checking '/Apollo/ros_ws/install/scout_mini_hardware' for CMake module files
[110.624s] Level 1:colcon.colcon_core.environment:checking '/Apollo/ros_ws/install/scout_mini_hardware' for CMake config files
[110.696s] Level 1:colcon.colcon_core.shell:create_environment_hook('scout_mini_hardware', 'cmake_prefix_path')
[110.697s] INFO:colcon.colcon_core.shell:Creating environment hook '/Apollo/ros_ws/install/scout_mini_hardware/share/scout_mini_hardware/hook/cmake_prefix_path.ps1'
[110.710s] INFO:colcon.colcon_core.shell:Creating environment descriptor '/Apollo/ros_ws/install/scout_mini_hardware/share/scout_mini_hardware/hook/cmake_prefix_path.dsv'
[110.725s] INFO:colcon.colcon_core.shell:Creating environment hook '/Apollo/ros_ws/install/scout_mini_hardware/share/scout_mini_hardware/hook/cmake_prefix_path.sh'
[110.742s] Level 1:colcon.colcon_core.environment:checking '/Apollo/ros_ws/install/scout_mini_hardware/lib'
[110.746s] Level 1:colcon.colcon_core.shell:create_environment_hook('scout_mini_hardware', 'ld_library_path_lib')
[110.746s] INFO:colcon.colcon_core.shell:Creating environment hook '/Apollo/ros_ws/install/scout_mini_hardware/share/scout_mini_hardware/hook/ld_library_path_lib.ps1'
[110.758s] INFO:colcon.colcon_core.shell:Creating environment descriptor '/Apollo/ros_ws/install/scout_mini_hardware/share/scout_mini_hardware/hook/ld_library_path_lib.dsv'
[110.771s] INFO:colcon.colcon_core.shell:Creating environment hook '/Apollo/ros_ws/install/scout_mini_hardware/share/scout_mini_hardware/hook/ld_library_path_lib.sh'
[110.787s] Level 1:colcon.colcon_core.environment:checking '/Apollo/ros_ws/install/scout_mini_hardware/bin'
[110.789s] Level 1:colcon.colcon_core.environment:checking '/Apollo/ros_ws/install/scout_mini_hardware/lib/pkgconfig/scout_mini_hardware.pc'
[110.791s] Level 1:colcon.colcon_core.environment:checking '/Apollo/ros_ws/install/scout_mini_hardware/lib/python3.10/site-packages'
[110.793s] Level 1:colcon.colcon_core.environment:checking '/Apollo/ros_ws/install/scout_mini_hardware/bin'
[110.795s] INFO:colcon.colcon_core.shell:Creating package script '/Apollo/ros_ws/install/scout_mini_hardware/share/scout_mini_hardware/package.ps1'
[110.808s] INFO:colcon.colcon_core.shell:Creating package descriptor '/Apollo/ros_ws/install/scout_mini_hardware/share/scout_mini_hardware/package.dsv'
[110.823s] INFO:colcon.colcon_core.shell:Creating package script '/Apollo/ros_ws/install/scout_mini_hardware/share/scout_mini_hardware/package.sh'
[110.838s] INFO:colcon.colcon_core.shell:Creating package script '/Apollo/ros_ws/install/scout_mini_hardware/share/scout_mini_hardware/package.bash'
[110.847s] INFO:colcon.colcon_core.shell:Creating package script '/Apollo/ros_ws/install/scout_mini_hardware/share/scout_mini_hardware/package.zsh'
[110.856s] Level 1:colcon.colcon_core.environment:create_file_with_runtime_dependencies(/Apollo/ros_ws/install/scout_mini_hardware/share/colcon-core/packages/scout_mini_hardware)
[110.866s] INFO:colcon.colcon_ros.task.ament_cmake.build:Building ROS package in '/Apollo/ros_ws/src/scout_mini_ros2' with build type 'ament_cmake'
[110.867s] INFO:colcon.colcon_cmake.task.cmake.build:Building CMake package in '/Apollo/ros_ws/src/scout_mini_ros2'
[110.867s] INFO:colcon.colcon_core.shell:Skip shell extension 'powershell' for command environment: Not usable outside of PowerShell
[110.868s] DEBUG:colcon.colcon_core.shell:Skip shell extension 'dsv' for command environment
[111.319s] DEBUG:colcon.colcon_core.event_handler.log_command:Invoking command in '/Apollo/ros_ws/build/scout_mini_ros2': CMAKE_PREFIX_PATH=/Apollo/ros_ws/install/scout_mini_hardware:/Apollo/ros_ws/install/scout_mini_msgs:/Apollo/ros_ws/install/scout_mini_description:/Apollo/ros_ws/install/scout_mini_base:/Apollo/ros_ws/install/scout_mini_ros2:/opt/ros/humble /usr/bin/cmake /Apollo/ros_ws/src/scout_mini_ros2 -DCMAKE_INSTALL_PREFIX=/Apollo/ros_ws/install/scout_mini_ros2
[122.283s] DEBUG:colcon.colcon_core.event_handler.log_command:Invoked command in '/Apollo/ros_ws/build/scout_mini_ros2' returned '0': CMAKE_PREFIX_PATH=/Apollo/ros_ws/install/scout_mini_hardware:/Apollo/ros_ws/install/scout_mini_msgs:/Apollo/ros_ws/install/scout_mini_description:/Apollo/ros_ws/install/scout_mini_base:/Apollo/ros_ws/install/scout_mini_ros2:/opt/ros/humble /usr/bin/cmake /Apollo/ros_ws/src/scout_mini_ros2 -DCMAKE_INSTALL_PREFIX=/Apollo/ros_ws/install/scout_mini_ros2
[122.293s] DEBUG:colcon.colcon_core.event_handler.log_command:Invoking command in '/Apollo/ros_ws/build/scout_mini_ros2': CMAKE_PREFIX_PATH=/Apollo/ros_ws/install/scout_mini_hardware:/Apollo/ros_ws/install/scout_mini_msgs:/Apollo/ros_ws/install/scout_mini_description:/Apollo/ros_ws/install/scout_mini_base:/Apollo/ros_ws/install/scout_mini_ros2:/opt/ros/humble /usr/bin/cmake --build /Apollo/ros_ws/build/scout_mini_ros2 -- -j20 -l20
[123.275s] DEBUG:colcon.colcon_core.event_handler.log_command:Invoked command in '/Apollo/ros_ws/build/scout_mini_ros2' returned '0': CMAKE_PREFIX_PATH=/Apollo/ros_ws/install/scout_mini_hardware:/Apollo/ros_ws/install/scout_mini_msgs:/Apollo/ros_ws/install/scout_mini_description:/Apollo/ros_ws/install/scout_mini_base:/Apollo/ros_ws/install/scout_mini_ros2:/opt/ros/humble /usr/bin/cmake --build /Apollo/ros_ws/build/scout_mini_ros2 -- -j20 -l20
[123.302s] DEBUG:colcon.colcon_core.event_handler.log_command:Invoking command in '/Apollo/ros_ws/build/scout_mini_ros2': CMAKE_PREFIX_PATH=/Apollo/ros_ws/install/scout_mini_hardware:/Apollo/ros_ws/install/scout_mini_msgs:/Apollo/ros_ws/install/scout_mini_description:/Apollo/ros_ws/install/scout_mini_base:/Apollo/ros_ws/install/scout_mini_ros2:/opt/ros/humble /usr/bin/cmake --install /Apollo/ros_ws/build/scout_mini_ros2
[124.649s] Level 1:colcon.colcon_core.environment:create_environment_scripts_only(scout_mini_ros2)
[124.650s] Level 1:colcon.colcon_core.environment:checking '/Apollo/ros_ws/install/scout_mini_ros2' for CMake module files
[124.651s] DEBUG:colcon.colcon_core.event_handler.log_command:Invoked command in '/Apollo/ros_ws/build/scout_mini_ros2' returned '0': CMAKE_PREFIX_PATH=/Apollo/ros_ws/install/scout_mini_hardware:/Apollo/ros_ws/install/scout_mini_msgs:/Apollo/ros_ws/install/scout_mini_description:/Apollo/ros_ws/install/scout_mini_base:/Apollo/ros_ws/install/scout_mini_ros2:/opt/ros/humble /usr/bin/cmake --install /Apollo/ros_ws/build/scout_mini_ros2
[124.719s] Level 1:colcon.colcon_core.environment:checking '/Apollo/ros_ws/install/scout_mini_ros2' for CMake config files
[124.767s] Level 1:colcon.colcon_core.shell:create_environment_hook('scout_mini_ros2', 'cmake_prefix_path')
[124.768s] INFO:colcon.colcon_core.shell:Creating environment hook '/Apollo/ros_ws/install/scout_mini_ros2/share/scout_mini_ros2/hook/cmake_prefix_path.ps1'
[124.781s] INFO:colcon.colcon_core.shell:Creating environment descriptor '/Apollo/ros_ws/install/scout_mini_ros2/share/scout_mini_ros2/hook/cmake_prefix_path.dsv'
[124.799s] INFO:colcon.colcon_core.shell:Creating environment hook '/Apollo/ros_ws/install/scout_mini_ros2/share/scout_mini_ros2/hook/cmake_prefix_path.sh'
[124.820s] Level 1:colcon.colcon_core.environment:checking '/Apollo/ros_ws/install/scout_mini_ros2/bin'
[124.823s] Level 1:colcon.colcon_core.environment:checking '/Apollo/ros_ws/install/scout_mini_ros2/lib/pkgconfig/scout_mini_ros2.pc'
[124.824s] Level 1:colcon.colcon_core.environment:checking '/Apollo/ros_ws/install/scout_mini_ros2/lib/python3.10/site-packages'
[124.827s] Level 1:colcon.colcon_core.environment:checking '/Apollo/ros_ws/install/scout_mini_ros2/bin'
[124.828s] INFO:colcon.colcon_core.shell:Creating package script '/Apollo/ros_ws/install/scout_mini_ros2/share/scout_mini_ros2/package.ps1'
[124.848s] INFO:colcon.colcon_core.shell:Creating package descriptor '/Apollo/ros_ws/install/scout_mini_ros2/share/scout_mini_ros2/package.dsv'
[124.874s] INFO:colcon.colcon_core.shell:Creating package script '/Apollo/ros_ws/install/scout_mini_ros2/share/scout_mini_ros2/package.sh'
[124.884s] INFO:colcon.colcon_core.shell:Creating package script '/Apollo/ros_ws/install/scout_mini_ros2/share/scout_mini_ros2/package.bash'
[124.920s] INFO:colcon.colcon_core.shell:Creating package script '/Apollo/ros_ws/install/scout_mini_ros2/share/scout_mini_ros2/package.zsh'
[124.937s] Level 1:colcon.colcon_core.environment:create_file_with_runtime_dependencies(/Apollo/ros_ws/install/scout_mini_ros2/share/colcon-core/packages/scout_mini_ros2)
[124.978s] Level 1:colcon.colcon_core.environment:create_environment_scripts_only(scout_mini_ros2)
[124.978s] Level 1:colcon.colcon_core.environment:checking '/Apollo/ros_ws/install/scout_mini_ros2' for CMake module files
[125.060s] Level 1:colcon.colcon_core.environment:checking '/Apollo/ros_ws/install/scout_mini_ros2' for CMake config files
[125.104s] Level 1:colcon.colcon_core.shell:create_environment_hook('scout_mini_ros2', 'cmake_prefix_path')
[125.105s] INFO:colcon.colcon_core.shell:Creating environment hook '/Apollo/ros_ws/install/scout_mini_ros2/share/scout_mini_ros2/hook/cmake_prefix_path.ps1'
[125.116s] INFO:colcon.colcon_core.shell:Creating environment descriptor '/Apollo/ros_ws/install/scout_mini_ros2/share/scout_mini_ros2/hook/cmake_prefix_path.dsv'
[125.130s] INFO:colcon.colcon_core.shell:Creating environment hook '/Apollo/ros_ws/install/scout_mini_ros2/share/scout_mini_ros2/hook/cmake_prefix_path.sh'
[125.186s] Level 1:colcon.colcon_core.environment:checking '/Apollo/ros_ws/install/scout_mini_ros2/bin'
[125.187s] Level 1:colcon.colcon_core.environment:checking '/Apollo/ros_ws/install/scout_mini_ros2/lib/pkgconfig/scout_mini_ros2.pc'
[125.188s] Level 1:colcon.colcon_core.environment:checking '/Apollo/ros_ws/install/scout_mini_ros2/lib/python3.10/site-packages'
[125.190s] Level 1:colcon.colcon_core.environment:checking '/Apollo/ros_ws/install/scout_mini_ros2/bin'
[125.191s] INFO:colcon.colcon_core.shell:Creating package script '/Apollo/ros_ws/install/scout_mini_ros2/share/scout_mini_ros2/package.ps1'
[125.205s] INFO:colcon.colcon_core.shell:Creating package descriptor '/Apollo/ros_ws/install/scout_mini_ros2/share/scout_mini_ros2/package.dsv'
[125.225s] INFO:colcon.colcon_core.shell:Creating package script '/Apollo/ros_ws/install/scout_mini_ros2/share/scout_mini_ros2/package.sh'
[125.255s] INFO:colcon.colcon_core.shell:Creating package script '/Apollo/ros_ws/install/scout_mini_ros2/share/scout_mini_ros2/package.bash'
[125.271s] INFO:colcon.colcon_core.shell:Creating package script '/Apollo/ros_ws/install/scout_mini_ros2/share/scout_mini_ros2/package.zsh'
[125.296s] Level 1:colcon.colcon_core.environment:create_file_with_runtime_dependencies(/Apollo/ros_ws/install/scout_mini_ros2/share/colcon-core/packages/scout_mini_ros2)
[125.308s] DEBUG:colcon.colcon_parallel_executor.executor.parallel:closing loop
[125.309s] DEBUG:colcon.colcon_parallel_executor.executor.parallel:loop closed
[125.309s] DEBUG:colcon.colcon_parallel_executor.executor.parallel:run_until_complete finished with '0'
[125.309s] DEBUG:colcon.colcon_core.event_reactor:joining thread
[125.368s] INFO:colcon.colcon_core.plugin_system:Skipping extension 'colcon_notification.desktop_notification.notify_send': Could not find 'notify-send'
[125.369s] INFO:colcon.colcon_core.plugin_system:Skipping extension 'colcon_notification.desktop_notification.terminal_notifier': Not used on non-Darwin systems
[125.369s] INFO:colcon.colcon_core.plugin_system:Skipping extension 'colcon_notification.desktop_notification.win32': Not used on non-Windows systems
[125.370s] INFO:colcon.colcon_notification.desktop_notification:Sending desktop notification using 'notify2'
[125.372s] DEBUG:colcon.colcon_notification.desktop_notification.notify2:Failed to initialize notify2: org.freedesktop.DBus.Error.Spawn.ExecFailed: /usr/bin/dbus-launch terminated abnormally without any error message
[125.373s] DEBUG:colcon.colcon_core.event_reactor:joined thread
[125.374s] INFO:colcon.colcon_core.shell:Creating prefix script '/Apollo/ros_ws/install/local_setup.ps1'
[125.380s] INFO:colcon.colcon_core.shell:Creating prefix util module '/Apollo/ros_ws/install/_local_setup_util_ps1.py'
[125.387s] INFO:colcon.colcon_core.shell:Creating prefix chain script '/Apollo/ros_ws/install/setup.ps1'
[125.437s] INFO:colcon.colcon_core.shell:Creating prefix script '/Apollo/ros_ws/install/local_setup.sh'
[125.443s] INFO:colcon.colcon_core.shell:Creating prefix util module '/Apollo/ros_ws/install/_local_setup_util_sh.py'
[125.449s] INFO:colcon.colcon_core.shell:Creating prefix chain script '/Apollo/ros_ws/install/setup.sh'
[125.520s] INFO:colcon.colcon_core.shell:Creating prefix script '/Apollo/ros_ws/install/local_setup.bash'
[125.525s] INFO:colcon.colcon_core.shell:Creating prefix chain script '/Apollo/ros_ws/install/setup.bash'
[125.577s] INFO:colcon.colcon_core.shell:Creating prefix script '/Apollo/ros_ws/install/local_setup.zsh'
[125.583s] INFO:colcon.colcon_core.shell:Creating prefix chain script '/Apollo/ros_ws/install/setup.zsh'
