[0.444s] Invoking command in '/apollo/ros_ws/build/scout_mini_description': CMAKE_PREFIX_PATH=/opt/ros/humble /usr/bin/cmake --build /apollo/ros_ws/build/scout_mini_description -- -j20 -l20
[0.815s] Invoked command in '/apollo/ros_ws/build/scout_mini_description' returned '0': CMAKE_PREFIX_PATH=/opt/ros/humble /usr/bin/cmake --build /apollo/ros_ws/build/scout_mini_description -- -j20 -l20
[0.910s] Invoking command in '/apollo/ros_ws/build/scout_mini_description': CMAKE_PREFIX_PATH=/opt/ros/humble /usr/bin/cmake --install /apollo/ros_ws/build/scout_mini_description
[0.956s] -- Install configuration: ""
[0.983s] -- Up-to-date: /apollo/ros_ws/install/scout_mini_description/share/scout_mini_description/launch
[1.073s] -- Up-to-date: /apollo/ros_ws/install/scout_mini_description/share/scout_mini_description/launch/description_launch.py
[1.122s] -- Up-to-date: /apollo/ros_ws/install/scout_mini_description/share/scout_mini_description/launch/rviz2_launch.py
[1.154s] -- Up-to-date: /apollo/ros_ws/install/scout_mini_description/share/scout_mini_description/meshes
[1.216s] -- Up-to-date: /apollo/ros_ws/install/scout_mini_description/share/scout_mini_description/meshes/body.dae
[1.263s] -- Up-to-date: /apollo/ros_ws/install/scout_mini_description/share/scout_mini_description/meshes/wheel.dae
[1.295s] -- Up-to-date: /apollo/ros_ws/install/scout_mini_description/share/scout_mini_description/rviz
[1.353s] -- Up-to-date: /apollo/ros_ws/install/scout_mini_description/share/scout_mini_description/rviz/scout_mini.rviz
[1.385s] -- Up-to-date: /apollo/ros_ws/install/scout_mini_description/share/scout_mini_description/urdf
[1.438s] -- Up-to-date: /apollo/ros_ws/install/scout_mini_description/share/scout_mini_description/urdf/scout_mini.urdf.xacro
[1.505s] -- Up-to-date: /apollo/ros_ws/install/scout_mini_description/share/ament_index/resource_index/package_run_dependencies/scout_mini_description
[1.568s] -- Up-to-date: /apollo/ros_ws/install/scout_mini_description/share/ament_index/resource_index/parent_prefix_path/scout_mini_description
[1.601s] -- Up-to-date: /apollo/ros_ws/install/scout_mini_description/share/scout_mini_description/environment/ament_prefix_path.sh
[1.647s] -- Up-to-date: /apollo/ros_ws/install/scout_mini_description/share/scout_mini_description/environment/ament_prefix_path.dsv
[1.680s] -- Up-to-date: /apollo/ros_ws/install/scout_mini_description/share/scout_mini_description/environment/path.sh
[1.734s] -- Up-to-date: /apollo/ros_ws/install/scout_mini_description/share/scout_mini_description/environment/path.dsv
[1.775s] -- Up-to-date: /apollo/ros_ws/install/scout_mini_description/share/scout_mini_description/local_setup.bash
[1.813s] -- Up-to-date: /apollo/ros_ws/install/scout_mini_description/share/scout_mini_description/local_setup.sh
[1.854s] -- Up-to-date: /apollo/ros_ws/install/scout_mini_description/share/scout_mini_description/local_setup.zsh
[1.896s] -- Up-to-date: /apollo/ros_ws/install/scout_mini_description/share/scout_mini_description/local_setup.dsv
[1.938s] -- Installing: /apollo/ros_ws/install/scout_mini_description/share/scout_mini_description/package.dsv
[2.106s] -- Up-to-date: /apollo/ros_ws/install/scout_mini_description/share/ament_index/resource_index/packages/scout_mini_description
[2.166s] -- Up-to-date: /apollo/ros_ws/install/scout_mini_description/share/scout_mini_description/cmake/scout_mini_descriptionConfig.cmake
[2.211s] -- Up-to-date: /apollo/ros_ws/install/scout_mini_description/share/scout_mini_description/cmake/scout_mini_descriptionConfig-version.cmake
[2.259s] -- Up-to-date: /apollo/ros_ws/install/scout_mini_description/share/scout_mini_description/package.xml
[4.352s] Invoked command in '/apollo/ros_ws/build/scout_mini_description' returned '0': CMAKE_PREFIX_PATH=/opt/ros/humble /usr/bin/cmake --install /apollo/ros_ws/build/scout_mini_description
