[0.257s] Invoking command in '/Apollo/ros_ws/build/scout_mini_hardware': CMAKE_PREFIX_PATH=/Apollo/ros_ws/install/scout_mini_msgs:/Apollo/ros_ws/install/scout_mini_ros2:/Apollo/ros_ws/install/scout_mini_hardware:/Apollo/ros_ws/install/scout_mini_description:/Apollo/ros_ws/install/scout_mini_base:/opt/ros/humble LD_LIBRARY_PATH=/Apollo/ros_ws/install/scout_mini_msgs/lib:/Apollo/ros_ws/install/scout_mini_hardware/lib:/usr/lib/x86_64-linux-gnu/gazebo-11/plugins:/opt/ros/humble/opt/rviz_ogre_vendor/lib:/opt/ros/humble/lib/x86_64-linux-gnu:/opt/ros/humble/lib /usr/bin/cmake /Apollo/ros_ws/src/scout_mini_hardware -DCMAKE_INSTALL_PREFIX=/Apollo/ros_ws/install/scout_mini_hardware
[1.122s] -- The C compiler identification is GNU 11.4.0
[1.643s] -- The CXX compiler identification is GNU 11.4.0
[1.735s] -- Detecting C compiler ABI info
[3.155s] -- Detecting C compiler ABI info - done
[3.181s] -- Check for working C compiler: /usr/bin/cc - skipped
[3.182s] -- Detecting C compile features
[3.183s] -- Detecting C compile features - done
[3.248s] -- Detecting CXX compiler ABI info
[5.008s] -- Detecting CXX compiler ABI info - done
[5.039s] -- Check for working CXX compiler: /usr/bin/c++ - skipped
[5.040s] -- Detecting CXX compile features
[5.041s] -- Detecting CXX compile features - done
[5.247s] -- Found ament_cmake: 1.3.11 (/opt/ros/humble/share/ament_cmake/cmake)
[6.875s] -- Found Python3: /usr/bin/python3 (found version "3.10.12") found components: Interpreter 
[9.370s] -- Found rclcpp: 16.0.11 (/opt/ros/humble/share/rclcpp/cmake)
[10.933s] -- Found rosidl_generator_c: 3.1.6 (/opt/ros/humble/share/rosidl_generator_c/cmake)
[11.220s] -- Found rosidl_adapter: 3.1.6 (/opt/ros/humble/share/rosidl_adapter/cmake)
[11.544s] -- Found rosidl_generator_cpp: 3.1.6 (/opt/ros/humble/share/rosidl_generator_cpp/cmake)
[11.869s] -- Using all available rosidl_typesupport_c: rosidl_typesupport_fastrtps_c;rosidl_typesupport_introspection_c
[12.326s] -- Using all available rosidl_typesupport_cpp: rosidl_typesupport_fastrtps_cpp;rosidl_typesupport_introspection_cpp
[13.638s] -- Found rmw_implementation_cmake: 6.1.2 (/opt/ros/humble/share/rmw_implementation_cmake/cmake)
[13.744s] -- Found rmw_fastrtps_cpp: 6.2.7 (/opt/ros/humble/share/rmw_fastrtps_cpp/cmake)
[15.692s] -- Found OpenSSL: /usr/lib/x86_64-linux-gnu/libcrypto.so (found version "3.0.2")  
[15.971s] -- Found FastRTPS: /opt/ros/humble/include  
[16.361s] -- Using RMW implementation 'rmw_fastrtps_cpp' as default
[16.751s] -- Looking for pthread.h
[18.001s] -- Looking for pthread.h - found
[18.015s] -- Performing Test CMAKE_HAVE_LIBC_PTHREAD
[19.127s] -- Performing Test CMAKE_HAVE_LIBC_PTHREAD - Success
[19.133s] -- Found Threads: TRUE  
[19.819s] -- Found hardware_interface: 2.48.0 (/opt/ros/humble/share/hardware_interface/cmake)
[21.830s] -- Found realtime_tools: 2.11.0 (/opt/ros/humble/share/realtime_tools/cmake)
[22.152s] -- Found can_msgs: 2.0.0 (/opt/ros/humble/share/can_msgs/cmake)
[22.256s] -- Found ros2_socketcan: 1.3.0 (/opt/ros/humble/share/ros2_socketcan/cmake)
[22.752s] -- Found scout_mini_msgs: 0.1.0 (/Apollo/ros_ws/install/scout_mini_msgs/share/scout_mini_msgs/cmake)
[24.174s] -- Configuring done
[24.924s] -- Generating done
[25.238s] -- Build files have been written to: /Apollo/ros_ws/build/scout_mini_hardware
[25.248s] Invoked command in '/Apollo/ros_ws/build/scout_mini_hardware' returned '0': CMAKE_PREFIX_PATH=/Apollo/ros_ws/install/scout_mini_msgs:/Apollo/ros_ws/install/scout_mini_ros2:/Apollo/ros_ws/install/scout_mini_hardware:/Apollo/ros_ws/install/scout_mini_description:/Apollo/ros_ws/install/scout_mini_base:/opt/ros/humble LD_LIBRARY_PATH=/Apollo/ros_ws/install/scout_mini_msgs/lib:/Apollo/ros_ws/install/scout_mini_hardware/lib:/usr/lib/x86_64-linux-gnu/gazebo-11/plugins:/opt/ros/humble/opt/rviz_ogre_vendor/lib:/opt/ros/humble/lib/x86_64-linux-gnu:/opt/ros/humble/lib /usr/bin/cmake /Apollo/ros_ws/src/scout_mini_hardware -DCMAKE_INSTALL_PREFIX=/Apollo/ros_ws/install/scout_mini_hardware
[25.259s] Invoking command in '/Apollo/ros_ws/build/scout_mini_hardware': CMAKE_PREFIX_PATH=/Apollo/ros_ws/install/scout_mini_msgs:/Apollo/ros_ws/install/scout_mini_ros2:/Apollo/ros_ws/install/scout_mini_hardware:/Apollo/ros_ws/install/scout_mini_description:/Apollo/ros_ws/install/scout_mini_base:/opt/ros/humble LD_LIBRARY_PATH=/Apollo/ros_ws/install/scout_mini_msgs/lib:/Apollo/ros_ws/install/scout_mini_hardware/lib:/usr/lib/x86_64-linux-gnu/gazebo-11/plugins:/opt/ros/humble/opt/rviz_ogre_vendor/lib:/opt/ros/humble/lib/x86_64-linux-gnu:/opt/ros/humble/lib /usr/bin/cmake --build /Apollo/ros_ws/build/scout_mini_hardware -- -j20 -l20
[26.168s] [ 50%] [32mBuilding CXX object CMakeFiles/scout_mini_hardware.dir/src/scout_mini_hardware.cpp.o[0m
[36.002s] In file included from [01m[K/Apollo/ros_ws/src/scout_mini_hardware/include/scout_mini_hardware/scout_mini_hardware.hpp:36[m[K,
[36.004s]                  from [01m[K/Apollo/ros_ws/src/scout_mini_hardware/src/scout_mini_hardware.cpp:18[m[K:
[36.006s] [01m[K/opt/ros/humble/include/realtime_tools/realtime_tools/realtime_publisher.h:22:103:[m[K [01;36m[Knote: [m[K‘[01m[K#pragma message: This header include is deprecated. Please update your code to use 'realtime_publisher.hpp' header.[m[K’
[36.015s]    22 |   "This header include is deprecated. Please update your code to use 'realtime_publisher.hpp' header."[01;36m[K)[m[K  //NOLINT
[36.016s]       |                                                                                                       [01;36m[K^[m[K
[45.360s] [100%] [32m[1mLinking CXX shared library libscout_mini_hardware.so[0m
[49.312s] [100%] Built target scout_mini_hardware
[49.431s] Invoked command in '/Apollo/ros_ws/build/scout_mini_hardware' returned '0': CMAKE_PREFIX_PATH=/Apollo/ros_ws/install/scout_mini_msgs:/Apollo/ros_ws/install/scout_mini_ros2:/Apollo/ros_ws/install/scout_mini_hardware:/Apollo/ros_ws/install/scout_mini_description:/Apollo/ros_ws/install/scout_mini_base:/opt/ros/humble LD_LIBRARY_PATH=/Apollo/ros_ws/install/scout_mini_msgs/lib:/Apollo/ros_ws/install/scout_mini_hardware/lib:/usr/lib/x86_64-linux-gnu/gazebo-11/plugins:/opt/ros/humble/opt/rviz_ogre_vendor/lib:/opt/ros/humble/lib/x86_64-linux-gnu:/opt/ros/humble/lib /usr/bin/cmake --build /Apollo/ros_ws/build/scout_mini_hardware -- -j20 -l20
[49.456s] Invoking command in '/Apollo/ros_ws/build/scout_mini_hardware': CMAKE_PREFIX_PATH=/Apollo/ros_ws/install/scout_mini_msgs:/Apollo/ros_ws/install/scout_mini_ros2:/Apollo/ros_ws/install/scout_mini_hardware:/Apollo/ros_ws/install/scout_mini_description:/Apollo/ros_ws/install/scout_mini_base:/opt/ros/humble LD_LIBRARY_PATH=/Apollo/ros_ws/install/scout_mini_msgs/lib:/Apollo/ros_ws/install/scout_mini_hardware/lib:/usr/lib/x86_64-linux-gnu/gazebo-11/plugins:/opt/ros/humble/opt/rviz_ogre_vendor/lib:/opt/ros/humble/lib/x86_64-linux-gnu:/opt/ros/humble/lib /usr/bin/cmake --install /Apollo/ros_ws/build/scout_mini_hardware
[49.557s] -- Install configuration: ""
[49.577s] -- Installing: /Apollo/ros_ws/install/scout_mini_hardware/share/scout_mini_hardware/scout_mini_hardware.xml
[49.633s] -- Installing: /Apollo/ros_ws/install/scout_mini_hardware/lib/libscout_mini_hardware.so
[50.144s] -- Set runtime path of "/Apollo/ros_ws/install/scout_mini_hardware/lib/libscout_mini_hardware.so" to ""
[50.150s] -- Installing: /Apollo/ros_ws/install/scout_mini_hardware/include/include
[50.168s] -- Installing: /Apollo/ros_ws/install/scout_mini_hardware/include/include/scout_mini_hardware
[50.194s] -- Installing: /Apollo/ros_ws/install/scout_mini_hardware/include/include/scout_mini_hardware/scout_mini_hardware.hpp
[50.269s] -- Installing: /Apollo/ros_ws/install/scout_mini_hardware/include/include/scout_mini_hardware/visibility_control.h
[50.347s] -- Installing: /Apollo/ros_ws/install/scout_mini_hardware/share/scout_mini_hardware/environment/library_path.sh
[50.396s] -- Installing: /Apollo/ros_ws/install/scout_mini_hardware/share/scout_mini_hardware/environment/library_path.dsv
[50.466s] -- Installing: /Apollo/ros_ws/install/scout_mini_hardware/share/ament_index/resource_index/package_run_dependencies/scout_mini_hardware
[50.556s] -- Installing: /Apollo/ros_ws/install/scout_mini_hardware/share/ament_index/resource_index/parent_prefix_path/scout_mini_hardware
[50.631s] -- Installing: /Apollo/ros_ws/install/scout_mini_hardware/share/scout_mini_hardware/environment/ament_prefix_path.sh
[50.678s] -- Installing: /Apollo/ros_ws/install/scout_mini_hardware/share/scout_mini_hardware/environment/ament_prefix_path.dsv
[50.742s] -- Installing: /Apollo/ros_ws/install/scout_mini_hardware/share/scout_mini_hardware/environment/path.sh
[50.798s] -- Installing: /Apollo/ros_ws/install/scout_mini_hardware/share/scout_mini_hardware/environment/path.dsv
[50.858s] -- Installing: /Apollo/ros_ws/install/scout_mini_hardware/share/scout_mini_hardware/local_setup.bash
[50.916s] -- Installing: /Apollo/ros_ws/install/scout_mini_hardware/share/scout_mini_hardware/local_setup.sh
[50.970s] -- Installing: /Apollo/ros_ws/install/scout_mini_hardware/share/scout_mini_hardware/local_setup.zsh
[51.023s] -- Installing: /Apollo/ros_ws/install/scout_mini_hardware/share/scout_mini_hardware/local_setup.dsv
[51.075s] -- Installing: /Apollo/ros_ws/install/scout_mini_hardware/share/scout_mini_hardware/package.dsv
[51.149s] -- Installing: /Apollo/ros_ws/install/scout_mini_hardware/share/ament_index/resource_index/packages/scout_mini_hardware
[51.249s] -- Installing: /Apollo/ros_ws/install/scout_mini_hardware/share/ament_index/resource_index/hardware_interface__pluginlib__plugin/scout_mini_hardware
[51.353s] -- Installing: /Apollo/ros_ws/install/scout_mini_hardware/share/scout_mini_hardware/cmake/ament_cmake_export_dependencies-extras.cmake
[51.422s] -- Installing: /Apollo/ros_ws/install/scout_mini_hardware/share/scout_mini_hardware/cmake/ament_cmake_export_libraries-extras.cmake
[51.498s] -- Installing: /Apollo/ros_ws/install/scout_mini_hardware/share/scout_mini_hardware/cmake/ament_cmake_export_include_directories-extras.cmake
[51.552s] -- Installing: /Apollo/ros_ws/install/scout_mini_hardware/share/scout_mini_hardware/cmake/scout_mini_hardwareConfig.cmake
[51.621s] -- Installing: /Apollo/ros_ws/install/scout_mini_hardware/share/scout_mini_hardware/cmake/scout_mini_hardwareConfig-version.cmake
[51.679s] -- Installing: /Apollo/ros_ws/install/scout_mini_hardware/share/scout_mini_hardware/package.xml
[51.725s] Invoked command in '/Apollo/ros_ws/build/scout_mini_hardware' returned '0': CMAKE_PREFIX_PATH=/Apollo/ros_ws/install/scout_mini_msgs:/Apollo/ros_ws/install/scout_mini_ros2:/Apollo/ros_ws/install/scout_mini_hardware:/Apollo/ros_ws/install/scout_mini_description:/Apollo/ros_ws/install/scout_mini_base:/opt/ros/humble LD_LIBRARY_PATH=/Apollo/ros_ws/install/scout_mini_msgs/lib:/Apollo/ros_ws/install/scout_mini_hardware/lib:/usr/lib/x86_64-linux-gnu/gazebo-11/plugins:/opt/ros/humble/opt/rviz_ogre_vendor/lib:/opt/ros/humble/lib/x86_64-linux-gnu:/opt/ros/humble/lib /usr/bin/cmake --install /Apollo/ros_ws/build/scout_mini_hardware
