[1.126s] Invoking command in '/apollo/ros_ws/build/scout_mini_ros2': AMENT_PREFIX_PATH=/apollo/ros_ws/install/scout_mini_hardware:/apollo/ros_ws/install/scout_mini_msgs:/apollo/ros_ws/install/scout_mini_description:/apollo/ros_ws/install/scout_mini_base:${AMENT_PREFIX_PATH} CMAKE_PREFIX_PATH=/apollo/ros_ws/install/scout_mini_hardware:/apollo/ros_ws/install/scout_mini_msgs:/apollo/ros_ws/install/scout_mini_description:/apollo/ros_ws/install/scout_mini_base:/opt/ros/humble LD_LIBRARY_PATH=/apollo/ros_ws/install/scout_mini_hardware/lib:/apollo/ros_ws/install/scout_mini_msgs/lib:${LD_LIBRARY_PATH} PYTHONPATH=/apollo/ros_ws/install/scout_mini_msgs/local/lib/python3.10/dist-packages:${PYTHONPATH} /usr/bin/cmake --build /apollo/ros_ws/build/scout_mini_ros2 -- -j20 -l20
[4.842s] Invoked command in '/apollo/ros_ws/build/scout_mini_ros2' returned '0': AMENT_PREFIX_PATH=/apollo/ros_ws/install/scout_mini_hardware:/apollo/ros_ws/install/scout_mini_msgs:/apollo/ros_ws/install/scout_mini_description:/apollo/ros_ws/install/scout_mini_base:${AMENT_PREFIX_PATH} CMAKE_PREFIX_PATH=/apollo/ros_ws/install/scout_mini_hardware:/apollo/ros_ws/install/scout_mini_msgs:/apollo/ros_ws/install/scout_mini_description:/apollo/ros_ws/install/scout_mini_base:/opt/ros/humble LD_LIBRARY_PATH=/apollo/ros_ws/install/scout_mini_hardware/lib:/apollo/ros_ws/install/scout_mini_msgs/lib:${LD_LIBRARY_PATH} PYTHONPATH=/apollo/ros_ws/install/scout_mini_msgs/local/lib/python3.10/dist-packages:${PYTHONPATH} /usr/bin/cmake --build /apollo/ros_ws/build/scout_mini_ros2 -- -j20 -l20
[4.964s] Invoking command in '/apollo/ros_ws/build/scout_mini_ros2': AMENT_PREFIX_PATH=/apollo/ros_ws/install/scout_mini_hardware:/apollo/ros_ws/install/scout_mini_msgs:/apollo/ros_ws/install/scout_mini_description:/apollo/ros_ws/install/scout_mini_base:${AMENT_PREFIX_PATH} CMAKE_PREFIX_PATH=/apollo/ros_ws/install/scout_mini_hardware:/apollo/ros_ws/install/scout_mini_msgs:/apollo/ros_ws/install/scout_mini_description:/apollo/ros_ws/install/scout_mini_base:/opt/ros/humble LD_LIBRARY_PATH=/apollo/ros_ws/install/scout_mini_hardware/lib:/apollo/ros_ws/install/scout_mini_msgs/lib:${LD_LIBRARY_PATH} PYTHONPATH=/apollo/ros_ws/install/scout_mini_msgs/local/lib/python3.10/dist-packages:${PYTHONPATH} /usr/bin/cmake --install /apollo/ros_ws/build/scout_mini_ros2
[5.471s] -- Install configuration: ""
[5.582s] -- Up-to-date: /apollo/ros_ws/install/scout_mini_ros2/share/ament_index/resource_index/package_run_dependencies/scout_mini_ros2
[5.734s] -- Up-to-date: /apollo/ros_ws/install/scout_mini_ros2/share/ament_index/resource_index/parent_prefix_path/scout_mini_ros2
[5.813s] -- Up-to-date: /apollo/ros_ws/install/scout_mini_ros2/share/scout_mini_ros2/environment/ament_prefix_path.sh
[5.936s] -- Up-to-date: /apollo/ros_ws/install/scout_mini_ros2/share/scout_mini_ros2/environment/ament_prefix_path.dsv
[5.976s] -- Up-to-date: /apollo/ros_ws/install/scout_mini_ros2/share/scout_mini_ros2/environment/path.sh
[6.082s] -- Up-to-date: /apollo/ros_ws/install/scout_mini_ros2/share/scout_mini_ros2/environment/path.dsv
[6.127s] -- Up-to-date: /apollo/ros_ws/install/scout_mini_ros2/share/scout_mini_ros2/local_setup.bash
[6.210s] -- Up-to-date: /apollo/ros_ws/install/scout_mini_ros2/share/scout_mini_ros2/local_setup.sh
[6.265s] -- Up-to-date: /apollo/ros_ws/install/scout_mini_ros2/share/scout_mini_ros2/local_setup.zsh
[6.330s] -- Up-to-date: /apollo/ros_ws/install/scout_mini_ros2/share/scout_mini_ros2/local_setup.dsv
[6.401s] -- Installing: /apollo/ros_ws/install/scout_mini_ros2/share/scout_mini_ros2/package.dsv
[6.681s] -- Up-to-date: /apollo/ros_ws/install/scout_mini_ros2/share/ament_index/resource_index/packages/scout_mini_ros2
[6.736s] -- Up-to-date: /apollo/ros_ws/install/scout_mini_ros2/share/scout_mini_ros2/cmake/scout_mini_ros2Config.cmake
[6.801s] -- Up-to-date: /apollo/ros_ws/install/scout_mini_ros2/share/scout_mini_ros2/cmake/scout_mini_ros2Config-version.cmake
[6.886s] -- Up-to-date: /apollo/ros_ws/install/scout_mini_ros2/share/scout_mini_ros2/package.xml
[6.918s] Invoked command in '/apollo/ros_ws/build/scout_mini_ros2' returned '0': AMENT_PREFIX_PATH=/apollo/ros_ws/install/scout_mini_hardware:/apollo/ros_ws/install/scout_mini_msgs:/apollo/ros_ws/install/scout_mini_description:/apollo/ros_ws/install/scout_mini_base:${AMENT_PREFIX_PATH} CMAKE_PREFIX_PATH=/apollo/ros_ws/install/scout_mini_hardware:/apollo/ros_ws/install/scout_mini_msgs:/apollo/ros_ws/install/scout_mini_description:/apollo/ros_ws/install/scout_mini_base:/opt/ros/humble LD_LIBRARY_PATH=/apollo/ros_ws/install/scout_mini_hardware/lib:/apollo/ros_ws/install/scout_mini_msgs/lib:${LD_LIBRARY_PATH} PYTHONPATH=/apollo/ros_ws/install/scout_mini_msgs/local/lib/python3.10/dist-packages:${PYTHONPATH} /usr/bin/cmake --install /apollo/ros_ws/build/scout_mini_ros2
