[0.350s] Invoking command in '/apollo/ros_ws/build/scout_mini_base': CMAKE_PREFIX_PATH=/opt/ros/humble /usr/bin/cmake --build /apollo/ros_ws/build/scout_mini_base -- -j20 -l20
[0.725s] Invoked command in '/apollo/ros_ws/build/scout_mini_base' returned '0': CMAKE_PREFIX_PATH=/opt/ros/humble /usr/bin/cmake --build /apollo/ros_ws/build/scout_mini_base -- -j20 -l20
[0.842s] Invoking command in '/apollo/ros_ws/build/scout_mini_base': CMAKE_PREFIX_PATH=/opt/ros/humble /usr/bin/cmake --install /apollo/ros_ws/build/scout_mini_base
[0.889s] -- Install configuration: ""
[0.925s] -- Up-to-date: /apollo/ros_ws/install/scout_mini_base/share/scout_mini_base/config
[1.023s] -- Up-to-date: /apollo/ros_ws/install/scout_mini_base/share/scout_mini_base/config/scout_mini.yaml
[1.074s] -- Up-to-date: /apollo/ros_ws/install/scout_mini_base/share/scout_mini_base/launch
[1.146s] -- Up-to-date: /apollo/ros_ws/install/scout_mini_base/share/scout_mini_base/launch/base_launch.py
[1.216s] -- Up-to-date: /apollo/ros_ws/install/scout_mini_base/share/ament_index/resource_index/package_run_dependencies/scout_mini_base
[1.291s] -- Up-to-date: /apollo/ros_ws/install/scout_mini_base/share/ament_index/resource_index/parent_prefix_path/scout_mini_base
[1.327s] -- Up-to-date: /apollo/ros_ws/install/scout_mini_base/share/scout_mini_base/environment/ament_prefix_path.sh
[1.371s] -- Up-to-date: /apollo/ros_ws/install/scout_mini_base/share/scout_mini_base/environment/ament_prefix_path.dsv
[1.406s] -- Up-to-date: /apollo/ros_ws/install/scout_mini_base/share/scout_mini_base/environment/path.sh
[1.447s] -- Up-to-date: /apollo/ros_ws/install/scout_mini_base/share/scout_mini_base/environment/path.dsv
[1.487s] -- Up-to-date: /apollo/ros_ws/install/scout_mini_base/share/scout_mini_base/local_setup.bash
[1.523s] -- Up-to-date: /apollo/ros_ws/install/scout_mini_base/share/scout_mini_base/local_setup.sh
[1.559s] -- Up-to-date: /apollo/ros_ws/install/scout_mini_base/share/scout_mini_base/local_setup.zsh
[1.594s] -- Up-to-date: /apollo/ros_ws/install/scout_mini_base/share/scout_mini_base/local_setup.dsv
[1.627s] -- Installing: /apollo/ros_ws/install/scout_mini_base/share/scout_mini_base/package.dsv
[1.803s] -- Up-to-date: /apollo/ros_ws/install/scout_mini_base/share/ament_index/resource_index/packages/scout_mini_base
[1.847s] -- Up-to-date: /apollo/ros_ws/install/scout_mini_base/share/scout_mini_base/cmake/scout_mini_baseConfig.cmake
[1.886s] -- Up-to-date: /apollo/ros_ws/install/scout_mini_base/share/scout_mini_base/cmake/scout_mini_baseConfig-version.cmake
[1.934s] -- Up-to-date: /apollo/ros_ws/install/scout_mini_base/share/scout_mini_base/package.xml
[1.953s] Invoked command in '/apollo/ros_ws/build/scout_mini_base' returned '0': CMAKE_PREFIX_PATH=/opt/ros/humble /usr/bin/cmake --install /apollo/ros_ws/build/scout_mini_base
